#
# There is insufficient memory for the Java Runtime Environment to continue.
# Native memory allocation (mmap) failed to map 1048576 bytes. Error detail: G1 virtual space
# Possible reasons:
#   The system is out of physical RAM or swap space
#   This process is running with CompressedOops enabled, and the Java Heap may be blocking the growth of the native heap
# Possible solutions:
#   Reduce memory load on the system
#   Increase physical memory or swap space
#   Check if swap backing store is full
#   Decrease Java heap size (-Xmx/-Xms)
#   Decrease number of Java threads
#   Decrease Java thread stack sizes (-Xss)
#   Set larger code cache with -XX:ReservedCodeCacheSize=
#   JVM is running with Unscaled Compressed Oops mode in which the Java heap is
#     placed in the first 4GB address space. The Java Heap base address is the
#     maximum limit for the native heap growth. Please use -XX:HeapBaseMinAddress
#     to set the Java Heap base and to place the Java Heap above 4GB virtual address.
# This output file may be truncated or incomplete.
#
#  Out of Memory Error (os_windows.cpp:3828), pid=8612, tid=5864
#
# JRE version: OpenJDK Runtime Environment (21.0.4) (build 21.0.4+-12508038-b607.1)
# Java VM: OpenJDK 64-Bit Server VM (21.0.4+-12508038-b607.1, mixed mode, tiered, compressed oops, compressed class ptrs, g1 gc, windows-amd64)
# No core dump will be written. Minidumps are not enabled by default on client versions of Windows
#

---------------  S U M M A R Y ------------

Command Line: --add-opens=java.base/java.util=ALL-UNNAMED --add-opens=java.base/java.lang=ALL-UNNAMED --add-opens=java.base/java.lang.invoke=ALL-UNNAMED --add-opens=java.prefs/java.util.prefs=ALL-UNNAMED --add-exports=jdk.compiler/com.sun.tools.javac.api=ALL-UNNAMED --add-exports=jdk.compiler/com.sun.tools.javac.util=ALL-UNNAMED --add-opens=java.base/java.nio.charset=ALL-UNNAMED --add-opens=java.base/java.net=ALL-UNNAMED --add-opens=java.base/java.util.concurrent.atomic=ALL-UNNAMED -Xmx2048m -Dfile.encoding=UTF-8 -Duser.country=419 -Duser.language=es -Duser.variant -javaagent:C:\Users\welcome\.gradle\wrapper\dists\gradle-8.10.2-bin\a04bxjujx95o3nb99gddekhwo\gradle-8.10.2\lib\agents\gradle-instrumentation-agent-8.10.2.jar org.gradle.launcher.daemon.bootstrap.GradleDaemon 8.10.2

Host: Intel(R) Core(TM) i5-8250U CPU @ 1.60GHz, 8 cores, 7G,  Windows 10 , 64 bit Build 19041 (10.0.19041.928)
Time: Thu Feb 27 08:45:50 2025 Hora estándar romance elapsed time: 6.036222 seconds (0d 0h 0m 6s)

---------------  T H R E A D  ---------------

Current thread (0x000002f24bffd000):  WorkerThread "GC Thread#4"    [id=5864, stack(0x000000fc37100000,0x000000fc37200000) (1024K)]

Stack: [0x000000fc37100000,0x000000fc37200000]
Native frames: (J=compiled Java code, j=interpreted, Vv=VM code, C=native code)
V  [jvm.dll+0x6ce539]
V  [jvm.dll+0x85bf03]
V  [jvm.dll+0x85e45e]
V  [jvm.dll+0x85eb43]
V  [jvm.dll+0x27dd06]
V  [jvm.dll+0x6cada5]
V  [jvm.dll+0x6bf27a]
V  [jvm.dll+0x3541fb]
V  [jvm.dll+0x35be36]
V  [jvm.dll+0x3ad8cb]
V  [jvm.dll+0x3adf84]
V  [jvm.dll+0x3ae04d]
V  [jvm.dll+0x3280dc]
V  [jvm.dll+0x327e38]
V  [jvm.dll+0x316a16]
V  [jvm.dll+0x3178aa]
V  [jvm.dll+0x317dd8]
V  [jvm.dll+0x31770e]
V  [jvm.dll+0x35606a]
V  [jvm.dll+0x3563e6]
V  [jvm.dll+0x35752a]
V  [jvm.dll+0x3571a4]
V  [jvm.dll+0x36b729]
V  [jvm.dll+0x36bdea]
V  [jvm.dll+0x36bee7]
V  [jvm.dll+0x36cdcb]
V  [jvm.dll+0x889be4]
V  [jvm.dll+0x804418]
V  [jvm.dll+0x6cce0d]
C  [ucrtbase.dll+0x21bb2]
C  [KERNEL32.DLL+0x17034]
C  [ntdll.dll+0x52651]


---------------  P R O C E S S  ---------------

Threads class SMR info:
_java_thread_list=0x000002f25140f640, length=58, elements={
0x000002f22d2f7e90, 0x000002f246c182e0, 0x000002f246c18d40, 0x000002f246c6b200,
0x000002f246c6bc60, 0x000002f246c6c6c0, 0x000002f246c68ea0, 0x000002f246c4c9b0,
0x000002f246c4d060, 0x000002f246d87720, 0x000002f246faa210, 0x000002f24b057620,
0x000002f24b082e10, 0x000002f24bdb7500, 0x000002f24cc12470, 0x000002f24cb62300,
0x000002f24cd06520, 0x000002f24cd0ccf0, 0x000002f24cde8020, 0x000002f24cdf9a70,
0x000002f24cdfa100, 0x000002f24cdfae20, 0x000002f24cdfa790, 0x000002f24cdfb4b0,
0x000002f24cdf8d50, 0x000002f24cdf8030, 0x000002f24cdf93e0, 0x000002f24eab8660,
0x000002f24eab7fd0, 0x000002f24eab72b0, 0x000002f24eab7940, 0x000002f24eab8cf0,
0x000002f24eabce90, 0x000002f24eaba0a0, 0x000002f24eab9380, 0x000002f24eab9a10,
0x000002f24eab6c20, 0x000002f24eabdbb0, 0x000002f24eabbae0, 0x000002f250060890,
0x000002f250060200, 0x000002f25005f4e0, 0x000002f25005daa0, 0x000002f25005c060,
0x000002f2500622d0, 0x000002f25005d410, 0x000002f250060f20, 0x000002f250062960,
0x000002f250062ff0, 0x000002f250063680, 0x000002f25005fb70, 0x000002f25005e130,
0x000002f2500615b0, 0x000002f25005c6f0, 0x000002f250061c40, 0x000002f25005cd80,
0x000002f25005e7c0, 0x000002f25005ee50
}

Java Threads: ( => current thread )
  0x000002f22d2f7e90 JavaThread "main"                              [_thread_blocked, id=9056, stack(0x000000fc35a00000,0x000000fc35b00000) (1024K)]
  0x000002f246c182e0 JavaThread "Reference Handler"          daemon [_thread_blocked, id=9488, stack(0x000000fc36200000,0x000000fc36300000) (1024K)]
  0x000002f246c18d40 JavaThread "Finalizer"                  daemon [_thread_blocked, id=5960, stack(0x000000fc36300000,0x000000fc36400000) (1024K)]
  0x000002f246c6b200 JavaThread "Signal Dispatcher"          daemon [_thread_blocked, id=6084, stack(0x000000fc36400000,0x000000fc36500000) (1024K)]
  0x000002f246c6bc60 JavaThread "Attach Listener"            daemon [_thread_blocked, id=3504, stack(0x000000fc36500000,0x000000fc36600000) (1024K)]
  0x000002f246c6c6c0 JavaThread "Service Thread"             daemon [_thread_blocked, id=9540, stack(0x000000fc36600000,0x000000fc36700000) (1024K)]
  0x000002f246c68ea0 JavaThread "Monitor Deflation Thread"   daemon [_thread_blocked, id=4088, stack(0x000000fc36700000,0x000000fc36800000) (1024K)]
  0x000002f246c4c9b0 JavaThread "C2 CompilerThread0"         daemon [_thread_blocked, id=7004, stack(0x000000fc36800000,0x000000fc36900000) (1024K)]
  0x000002f246c4d060 JavaThread "C1 CompilerThread0"         daemon [_thread_blocked, id=6828, stack(0x000000fc36900000,0x000000fc36a00000) (1024K)]
  0x000002f246d87720 JavaThread "Common-Cleaner"             daemon [_thread_blocked, id=540, stack(0x000000fc36a00000,0x000000fc36b00000) (1024K)]
  0x000002f246faa210 JavaThread "Notification Thread"        daemon [_thread_blocked, id=8944, stack(0x000000fc36b00000,0x000000fc36c00000) (1024K)]
  0x000002f24b057620 JavaThread "C2 CompilerThread1"         daemon [_thread_blocked, id=4456, stack(0x000000fc36c00000,0x000000fc36d00000) (1024K)]
  0x000002f24b082e10 JavaThread "C2 CompilerThread2"         daemon [_thread_in_native, id=6356, stack(0x000000fc36d00000,0x000000fc36e00000) (1024K)]
  0x000002f24bdb7500 JavaThread "Daemon health stats"               [_thread_blocked, id=7308, stack(0x000000fc37400000,0x000000fc37500000) (1024K)]
  0x000002f24cc12470 JavaThread "Incoming local TCP Connector on port 50291"        [_thread_in_native, id=700, stack(0x000000fc37500000,0x000000fc37600000) (1024K)]
  0x000002f24cb62300 JavaThread "Daemon periodic checks"            [_thread_blocked, id=7216, stack(0x000000fc37600000,0x000000fc37700000) (1024K)]
  0x000002f24cd06520 JavaThread "Daemon"                            [_thread_blocked, id=7456, stack(0x000000fc37700000,0x000000fc37800000) (1024K)]
  0x000002f24cd0ccf0 JavaThread "Handler for socket connection from /127.0.0.1:50291 to /127.0.0.1:50292"        [_thread_in_native, id=6844, stack(0x000000fc37800000,0x000000fc37900000) (1024K)]
  0x000002f24cde8020 JavaThread "Cancel handler"                    [_thread_blocked, id=6512, stack(0x000000fc37900000,0x000000fc37a00000) (1024K)]
  0x000002f24cdf9a70 JavaThread "Daemon worker"                     [_thread_blocked, id=7104, stack(0x000000fc37a00000,0x000000fc37b00000) (1024K)]
  0x000002f24cdfa100 JavaThread "Asynchronous log dispatcher for DefaultDaemonConnection: socket connection from /127.0.0.1:50291 to /127.0.0.1:50292"        [_thread_blocked, id=3276, stack(0x000000fc37b00000,0x000000fc37c00000) (1024K)]
  0x000002f24cdfae20 JavaThread "Stdin handler"                     [_thread_blocked, id=5980, stack(0x000000fc37c00000,0x000000fc37d00000) (1024K)]
  0x000002f24cdfa790 JavaThread "Daemon client event forwarder"        [_thread_blocked, id=9140, stack(0x000000fc37d00000,0x000000fc37e00000) (1024K)]
  0x000002f24cdfb4b0 JavaThread "Cache worker for journal cache (C:\Users\welcome\.gradle\caches\journal-1)"        [_thread_blocked, id=6688, stack(0x000000fc38000000,0x000000fc38100000) (1024K)]
  0x000002f24cdf8d50 JavaThread "File lock request listener"        [_thread_in_native, id=7696, stack(0x000000fc38100000,0x000000fc38200000) (1024K)]
  0x000002f24cdf8030 JavaThread "Cache worker for file hash cache (C:\Users\welcome\.gradle\caches\8.10.2\fileHashes)"        [_thread_blocked, id=4552, stack(0x000000fc38200000,0x000000fc38300000) (1024K)]
  0x000002f24cdf93e0 JavaThread "Cache worker for file hash cache (C:\juan\Android\MiPrimeraAplicacion\.gradle\8.10.2\fileHashes)"        [_thread_blocked, id=7220, stack(0x000000fc38300000,0x000000fc38400000) (1024K)]
  0x000002f24eab8660 JavaThread "Cache worker for Build Output Cleanup Cache (C:\juan\Android\MiPrimeraAplicacion\.gradle\buildOutputCleanup)"        [_thread_blocked, id=3724, stack(0x000000fc38400000,0x000000fc38500000) (1024K)]
  0x000002f24eab7fd0 JavaThread "File watcher server"        daemon [_thread_in_native, id=4956, stack(0x000000fc38500000,0x000000fc38600000) (1024K)]
  0x000002f24eab72b0 JavaThread "File watcher consumer"      daemon [_thread_blocked, id=9748, stack(0x000000fc38600000,0x000000fc38700000) (1024K)]
  0x000002f24eab7940 JavaThread "Cache worker for checksums cache (C:\juan\Android\MiPrimeraAplicacion\.gradle\8.10.2\checksums)"        [_thread_blocked, id=888, stack(0x000000fc38700000,0x000000fc38800000) (1024K)]
  0x000002f24eab8cf0 JavaThread "Cache worker for file content cache (C:\Users\welcome\.gradle\caches\8.10.2\fileContent)"        [_thread_blocked, id=5540, stack(0x000000fc38800000,0x000000fc38900000) (1024K)]
  0x000002f24eabce90 JavaThread "Cache worker for cache directory md-rule (C:\Users\welcome\.gradle\caches\8.10.2\md-rule)"        [_thread_blocked, id=9496, stack(0x000000fc38900000,0x000000fc38a00000) (1024K)]
  0x000002f24eaba0a0 JavaThread "Cache worker for cache directory md-supplier (C:\Users\welcome\.gradle\caches\8.10.2\md-supplier)"        [_thread_blocked, id=7140, stack(0x000000fc38a00000,0x000000fc38b00000) (1024K)]
  0x000002f24eab9380 JavaThread "jar transforms"                    [_thread_blocked, id=3088, stack(0x000000fc38b00000,0x000000fc38c00000) (1024K)]
  0x000002f24eab9a10 JavaThread "jar transforms Thread 2"           [_thread_blocked, id=7304, stack(0x000000fc38c00000,0x000000fc38d00000) (1024K)]
  0x000002f24eab6c20 JavaThread "jar transforms Thread 3"           [_thread_blocked, id=8548, stack(0x000000fc38d00000,0x000000fc38e00000) (1024K)]
  0x000002f24eabdbb0 JavaThread "Unconstrained build operations"        [_thread_blocked, id=2336, stack(0x000000fc38e00000,0x000000fc38f00000) (1024K)]
  0x000002f24eabbae0 JavaThread "Unconstrained build operations Thread 2"        [_thread_blocked, id=5896, stack(0x000000fc38f00000,0x000000fc39000000) (1024K)]
  0x000002f250060890 JavaThread "Unconstrained build operations Thread 3"        [_thread_blocked, id=8756, stack(0x000000fc39000000,0x000000fc39100000) (1024K)]
  0x000002f250060200 JavaThread "Unconstrained build operations Thread 4"        [_thread_blocked, id=9968, stack(0x000000fc39100000,0x000000fc39200000) (1024K)]
  0x000002f25005f4e0 JavaThread "Unconstrained build operations Thread 5"        [_thread_blocked, id=584, stack(0x000000fc39200000,0x000000fc39300000) (1024K)]
  0x000002f25005daa0 JavaThread "Unconstrained build operations Thread 6"        [_thread_blocked, id=9212, stack(0x000000fc39300000,0x000000fc39400000) (1024K)]
  0x000002f25005c060 JavaThread "Unconstrained build operations Thread 7"        [_thread_blocked, id=8188, stack(0x000000fc39400000,0x000000fc39500000) (1024K)]
  0x000002f2500622d0 JavaThread "Unconstrained build operations Thread 8"        [_thread_blocked, id=9340, stack(0x000000fc39500000,0x000000fc39600000) (1024K)]
  0x000002f25005d410 JavaThread "Unconstrained build operations Thread 9"        [_thread_blocked, id=9236, stack(0x000000fc39600000,0x000000fc39700000) (1024K)]
  0x000002f250060f20 JavaThread "Unconstrained build operations Thread 10"        [_thread_blocked, id=932, stack(0x000000fc39700000,0x000000fc39800000) (1024K)]
  0x000002f250062960 JavaThread "Unconstrained build operations Thread 11"        [_thread_blocked, id=3172, stack(0x000000fc39800000,0x000000fc39900000) (1024K)]
  0x000002f250062ff0 JavaThread "Unconstrained build operations Thread 12"        [_thread_blocked, id=8156, stack(0x000000fc39900000,0x000000fc39a00000) (1024K)]
  0x000002f250063680 JavaThread "Unconstrained build operations Thread 13"        [_thread_blocked, id=7520, stack(0x000000fc39a00000,0x000000fc39b00000) (1024K)]
  0x000002f25005fb70 JavaThread "Unconstrained build operations Thread 14"        [_thread_blocked, id=7420, stack(0x000000fc39b00000,0x000000fc39c00000) (1024K)]
  0x000002f25005e130 JavaThread "Unconstrained build operations Thread 15"        [_thread_blocked, id=1780, stack(0x000000fc39c00000,0x000000fc39d00000) (1024K)]
  0x000002f2500615b0 JavaThread "Unconstrained build operations Thread 16"        [_thread_blocked, id=1752, stack(0x000000fc39d00000,0x000000fc39e00000) (1024K)]
  0x000002f25005c6f0 JavaThread "Unconstrained build operations Thread 17"        [_thread_blocked, id=7164, stack(0x000000fc39e00000,0x000000fc39f00000) (1024K)]
  0x000002f250061c40 JavaThread "Unconstrained build operations Thread 18"        [_thread_blocked, id=4628, stack(0x000000fc39f00000,0x000000fc3a000000) (1024K)]
  0x000002f25005cd80 JavaThread "Unconstrained build operations Thread 19"        [_thread_blocked, id=7580, stack(0x000000fc3a000000,0x000000fc3a100000) (1024K)]
  0x000002f25005e7c0 JavaThread "Unconstrained build operations Thread 20"        [_thread_blocked, id=7844, stack(0x000000fc3a100000,0x000000fc3a200000) (1024K)]
  0x000002f25005ee50 JavaThread "Unconstrained build operations Thread 21"        [_thread_blocked, id=6168, stack(0x000000fc3a200000,0x000000fc3a300000) (1024K)]
Total: 58

Other Threads:
  0x000002f24699b830 VMThread "VM Thread"                           [id=8816, stack(0x000000fc36100000,0x000000fc36200000) (1024K)]
  0x000002f24690b1f0 WatcherThread "VM Periodic Task Thread"        [id=1544, stack(0x000000fc36000000,0x000000fc36100000) (1024K)]
  0x000002f22d34d680 WorkerThread "GC Thread#0"                     [id=9620, stack(0x000000fc35b00000,0x000000fc35c00000) (1024K)]
  0x000002f24b527770 WorkerThread "GC Thread#1"                     [id=1880, stack(0x000000fc36e00000,0x000000fc36f00000) (1024K)]
  0x000002f24b495790 WorkerThread "GC Thread#2"                     [id=3404, stack(0x000000fc36f00000,0x000000fc37000000) (1024K)]
  0x000002f24beaecf0 WorkerThread "GC Thread#3"                     [id=10100, stack(0x000000fc37000000,0x000000fc37100000) (1024K)]
=>0x000002f24bffd000 WorkerThread "GC Thread#4"                     [id=5864, stack(0x000000fc37100000,0x000000fc37200000) (1024K)]
  0x000002f24c1518b0 WorkerThread "GC Thread#5"                     [id=7320, stack(0x000000fc37200000,0x000000fc37300000) (1024K)]
  0x000002f24c151c50 WorkerThread "GC Thread#6"                     [id=9444, stack(0x000000fc37300000,0x000000fc37400000) (1024K)]
  0x000002f24cd2da50 WorkerThread "GC Thread#7"                     [id=5512, stack(0x000000fc37e00000,0x000000fc37f00000) (1024K)]
  0x000002f22d35e570 ConcurrentGCThread "G1 Main Marker"            [id=6972, stack(0x000000fc35c00000,0x000000fc35d00000) (1024K)]
  0x000002f22d35f0f0 WorkerThread "G1 Conc#0"                       [id=564, stack(0x000000fc35d00000,0x000000fc35e00000) (1024K)]
  0x000002f24cd2e530 WorkerThread "G1 Conc#1"                       [id=9484, stack(0x000000fc37f00000,0x000000fc38000000) (1024K)]
  0x000002f2467df130 ConcurrentGCThread "G1 Refine#0"               [id=6796, stack(0x000000fc35e00000,0x000000fc35f00000) (1024K)]
  0x000002f2467df950 ConcurrentGCThread "G1 Service"                [id=5028, stack(0x000000fc35f00000,0x000000fc36000000) (1024K)]
Total: 15

Threads with active compile tasks:
C2 CompilerThread0     6052 7477       4       org.gradle.internal.serialize.HierarchicalNameSerializer::readFirstOccurrenceOfName (60 bytes)
C1 CompilerThread0     6052 7604       2       org.gradle.internal.classpath.generated.InterceptorDeclaration_PropertyUpgradesJvmBytecode_TestingJvm::visitMethodInsn (110 bytes)
C2 CompilerThread1     6052 7518   !   4       com.google.common.collect.MapMakerInternalMap$Segment::put (298 bytes)
C2 CompilerThread2     6052 7438       4       org.gradle.internal.serialize.HierarchicalNameSerializer::readName (51 bytes)
Total: 4

VM state: at safepoint (normal execution)

VM Mutex/Monitor currently owned by a thread:  ([mutex/lock_event])
[0x00007fff3d194bf8] FreeList_lock - owner thread: 0x000002f24bffd000
[0x00007fff3d1972f8] Threads_lock - owner thread: 0x000002f24699b830
[0x00007fff3d1973f8] Heap_lock - owner thread: 0x000002f24cdf9a70

Heap address: 0x0000000080000000, size: 2048 MB, Compressed Oops mode: 32-bit

CDS archive(s) not mapped
Compressed class space mapped at: 0x0000000100000000-0x0000000140000000, reserved size: 1073741824
Narrow klass base: 0x0000000000000000, Narrow klass shift: 3, Narrow klass range: 0x140000000

GC Precious Log:
 CardTable entry size: 512
 Card Set container configuration: InlinePtr #cards 5 size 8 Array Of Cards #cards 12 size 40 Howl #buckets 4 coarsen threshold 1843 Howl Bitmap #cards 512 size 80 coarsen threshold 460 Card regions per heap region 1 cards per card region 2048
 CPUs: 8 total, 8 available
 Memory: 7603M
 Large Page Support: Disabled
 NUMA Support: Disabled
 Compressed Oops: Enabled (32-bit)
 Heap Region Size: 1M
 Heap Min Capacity: 8M
 Heap Initial Capacity: 120M
 Heap Max Capacity: 2G
 Pre-touch: Disabled
 Parallel Workers: 8
 Concurrent Workers: 2
 Concurrent Refinement Workers: 8
 Periodic GC: Disabled

Heap:
 garbage-first heap   total 121856K, used 104448K [0x0000000080000000, 0x0000000100000000)
  region size 1024K, 64 young (65536K), 7 survivors (7168K)
 Metaspace       used 63209K, committed 64896K, reserved 1114112K
  class space    used 8632K, committed 9472K, reserved 1048576K

Heap Regions: E=young(eden), S=young(survivor), O=old, HS=humongous(starts), HC=humongous(continues), CS=collection set, F=free, TAMS=top-at-mark-start, PB=parsable bottom
|   0|0x0000000080000000, 0x0000000080100000, 0x0000000080100000|100%| O|  |TAMS 0x0000000080000000| PB 0x0000000080000000| Untracked 
|   1|0x0000000080100000, 0x0000000080200000, 0x0000000080200000|100%| O|  |TAMS 0x0000000080100000| PB 0x0000000080100000| Untracked 
|   2|0x0000000080200000, 0x0000000080300000, 0x0000000080300000|100%|HS|  |TAMS 0x0000000080200000| PB 0x0000000080200000| Complete 
|   3|0x0000000080300000, 0x0000000080400000, 0x0000000080400000|100%|HC|  |TAMS 0x0000000080300000| PB 0x0000000080300000| Complete 
|   4|0x0000000080400000, 0x0000000080500000, 0x0000000080500000|100%|HC|  |TAMS 0x0000000080400000| PB 0x0000000080400000| Complete 
|   5|0x0000000080500000, 0x0000000080600000, 0x0000000080600000|100%|HC|  |TAMS 0x0000000080500000| PB 0x0000000080500000| Complete 
|   6|0x0000000080600000, 0x0000000080700000, 0x0000000080700000|100%| O|  |TAMS 0x0000000080600000| PB 0x0000000080600000| Untracked 
|   7|0x0000000080700000, 0x0000000080800000, 0x0000000080800000|100%| O|  |TAMS 0x0000000080700000| PB 0x0000000080700000| Untracked 
|   8|0x0000000080800000, 0x0000000080900000, 0x0000000080900000|100%| O|  |TAMS 0x0000000080800000| PB 0x0000000080800000| Untracked 
|   9|0x0000000080900000, 0x0000000080a00000, 0x0000000080a00000|100%|HS|  |TAMS 0x0000000080900000| PB 0x0000000080900000| Complete 
|  10|0x0000000080a00000, 0x0000000080b00000, 0x0000000080b00000|100%| O|  |TAMS 0x0000000080a00000| PB 0x0000000080a00000| Untracked 
|  11|0x0000000080b00000, 0x0000000080c00000, 0x0000000080c00000|100%| O|  |TAMS 0x0000000080b00000| PB 0x0000000080b00000| Untracked 
|  12|0x0000000080c00000, 0x0000000080d00000, 0x0000000080d00000|100%| O|  |TAMS 0x0000000080c00000| PB 0x0000000080c00000| Untracked 
|  13|0x0000000080d00000, 0x0000000080e00000, 0x0000000080e00000|100%| O|  |TAMS 0x0000000080d00000| PB 0x0000000080d00000| Untracked 
|  14|0x0000000080e00000, 0x0000000080f00000, 0x0000000080f00000|100%| O|  |TAMS 0x0000000080e00000| PB 0x0000000080e00000| Untracked 
|  15|0x0000000080f00000, 0x0000000081000000, 0x0000000081000000|100%| O|  |TAMS 0x0000000080f00000| PB 0x0000000080f00000| Untracked 
|  16|0x0000000081000000, 0x0000000081100000, 0x0000000081100000|100%| O|  |TAMS 0x0000000081000000| PB 0x0000000081000000| Untracked 
|  17|0x0000000081100000, 0x0000000081200000, 0x0000000081200000|100%| O|  |TAMS 0x0000000081100000| PB 0x0000000081100000| Untracked 
|  18|0x0000000081200000, 0x0000000081300000, 0x0000000081300000|100%| O|  |TAMS 0x0000000081200000| PB 0x0000000081200000| Untracked 
|  19|0x0000000081300000, 0x0000000081400000, 0x0000000081400000|100%| O|  |TAMS 0x0000000081300000| PB 0x0000000081300000| Untracked 
|  20|0x0000000081400000, 0x0000000081500000, 0x0000000081500000|100%| O|  |TAMS 0x0000000081400000| PB 0x0000000081400000| Untracked 
|  21|0x0000000081500000, 0x0000000081600000, 0x0000000081600000|100%| O|  |TAMS 0x0000000081500000| PB 0x0000000081500000| Untracked 
|  22|0x0000000081600000, 0x0000000081700000, 0x0000000081700000|100%| O|  |TAMS 0x0000000081600000| PB 0x0000000081600000| Untracked 
|  23|0x0000000081700000, 0x0000000081800000, 0x0000000081800000|100%| O|  |TAMS 0x0000000081700000| PB 0x0000000081700000| Untracked 
|  24|0x0000000081800000, 0x0000000081900000, 0x0000000081900000|100%| O|  |TAMS 0x0000000081800000| PB 0x0000000081800000| Untracked 
|  25|0x0000000081900000, 0x0000000081a00000, 0x0000000081a00000|100%| O|  |TAMS 0x0000000081900000| PB 0x0000000081900000| Untracked 
|  26|0x0000000081a00000, 0x0000000081b00000, 0x0000000081b00000|100%| O|  |TAMS 0x0000000081a00000| PB 0x0000000081a00000| Untracked 
|  27|0x0000000081b00000, 0x0000000081c00000, 0x0000000081c00000|100%| E|CS|TAMS 0x0000000081b00000| PB 0x0000000081b00000| Complete 
|  28|0x0000000081c00000, 0x0000000081d00000, 0x0000000081d00000|100%| E|CS|TAMS 0x0000000081c00000| PB 0x0000000081c00000| Complete 
|  29|0x0000000081d00000, 0x0000000081e00000, 0x0000000081e00000|100%| E|CS|TAMS 0x0000000081d00000| PB 0x0000000081d00000| Complete 
|  30|0x0000000081e00000, 0x0000000081f00000, 0x0000000081f00000|100%| E|CS|TAMS 0x0000000081e00000| PB 0x0000000081e00000| Complete 
|  31|0x0000000081f00000, 0x0000000082000000, 0x0000000082000000|100%| E|CS|TAMS 0x0000000081f00000| PB 0x0000000081f00000| Complete 
|  32|0x0000000082000000, 0x0000000082100000, 0x0000000082100000|100%| O|  |TAMS 0x0000000082000000| PB 0x0000000082000000| Untracked 
|  33|0x0000000082100000, 0x0000000082200000, 0x0000000082200000|100%| O|  |TAMS 0x0000000082100000| PB 0x0000000082100000| Untracked 
|  34|0x0000000082200000, 0x0000000082300000, 0x0000000082300000|100%| O|  |TAMS 0x0000000082200000| PB 0x0000000082200000| Untracked 
|  35|0x0000000082300000, 0x0000000082400000, 0x0000000082400000|100%| O|  |TAMS 0x0000000082300000| PB 0x0000000082300000| Untracked 
|  36|0x0000000082400000, 0x0000000082500000, 0x0000000082500000|100%| O|  |TAMS 0x0000000082400000| PB 0x0000000082400000| Untracked 
|  37|0x0000000082500000, 0x0000000082600000, 0x0000000082600000|100%| O|  |TAMS 0x0000000082500000| PB 0x0000000082500000| Untracked 
|  38|0x0000000082600000, 0x0000000082700000, 0x0000000082700000|100%| E|CS|TAMS 0x0000000082600000| PB 0x0000000082600000| Complete 
|  39|0x0000000082700000, 0x0000000082800000, 0x0000000082800000|100%| E|CS|TAMS 0x0000000082700000| PB 0x0000000082700000| Complete 
|  40|0x0000000082800000, 0x0000000082900000, 0x0000000082900000|100%| E|CS|TAMS 0x0000000082800000| PB 0x0000000082800000| Complete 
|  41|0x0000000082900000, 0x0000000082a00000, 0x0000000082a00000|100%| E|CS|TAMS 0x0000000082900000| PB 0x0000000082900000| Complete 
|  42|0x0000000082a00000, 0x0000000082b00000, 0x0000000082b00000|100%| O|  |TAMS 0x0000000082a00000| PB 0x0000000082a00000| Untracked 
|  43|0x0000000082b00000, 0x0000000082c00000, 0x0000000082c00000|100%| O|  |TAMS 0x0000000082b00000| PB 0x0000000082b00000| Untracked 
|  44|0x0000000082c00000, 0x0000000082d00000, 0x0000000082d00000|100%| O|  |TAMS 0x0000000082c00000| PB 0x0000000082c00000| Untracked 
|  45|0x0000000082d00000, 0x0000000082e00000, 0x0000000082e00000|100%| O|  |TAMS 0x0000000082d00000| PB 0x0000000082d00000| Untracked 
|  46|0x0000000082e00000, 0x0000000082f00000, 0x0000000082f00000|100%| O|  |TAMS 0x0000000082e00000| PB 0x0000000082e00000| Untracked 
|  47|0x0000000082f00000, 0x0000000083000000, 0x0000000083000000|100%| O|  |TAMS 0x0000000082f00000| PB 0x0000000082f00000| Untracked 
|  48|0x0000000083000000, 0x0000000083033c00, 0x0000000083100000| 20%| O|  |TAMS 0x0000000083000000| PB 0x0000000083000000| Untracked 
|  49|0x0000000083100000, 0x0000000083200000, 0x0000000083200000|100%| S|  |TAMS 0x0000000083100000| PB 0x0000000083100000| Complete 
|  50|0x0000000083200000, 0x0000000083300000, 0x0000000083300000|100%| S|  |TAMS 0x0000000083200000| PB 0x0000000083200000| Complete 
|  51|0x0000000083300000, 0x0000000083400000, 0x0000000083400000|100%| S|  |TAMS 0x0000000083300000| PB 0x0000000083300000| Complete 
|  52|0x0000000083400000, 0x0000000083500000, 0x0000000083500000|100%| S|  |TAMS 0x0000000083400000| PB 0x0000000083400000| Complete 
|  53|0x0000000083500000, 0x0000000083600000, 0x0000000083600000|100%| S|  |TAMS 0x0000000083500000| PB 0x0000000083500000| Complete 
|  54|0x0000000083600000, 0x0000000083700000, 0x0000000083700000|100%| S|  |TAMS 0x0000000083600000| PB 0x0000000083600000| Complete 
|  55|0x0000000083700000, 0x0000000083800000, 0x0000000083800000|100%| E|CS|TAMS 0x0000000083700000| PB 0x0000000083700000| Complete 
|  56|0x0000000083800000, 0x0000000083900000, 0x0000000083900000|100%| E|CS|TAMS 0x0000000083800000| PB 0x0000000083800000| Complete 
|  57|0x0000000083900000, 0x0000000083a00000, 0x0000000083a00000|100%| E|CS|TAMS 0x0000000083900000| PB 0x0000000083900000| Complete 
|  58|0x0000000083a00000, 0x0000000083b00000, 0x0000000083b00000|100%| E|CS|TAMS 0x0000000083a00000| PB 0x0000000083a00000| Complete 
|  59|0x0000000083b00000, 0x0000000083c00000, 0x0000000083c00000|100%| E|CS|TAMS 0x0000000083b00000| PB 0x0000000083b00000| Complete 
|  60|0x0000000083c00000, 0x0000000083d00000, 0x0000000083d00000|100%| E|CS|TAMS 0x0000000083c00000| PB 0x0000000083c00000| Complete 
|  61|0x0000000083d00000, 0x0000000083e00000, 0x0000000083e00000|100%| E|CS|TAMS 0x0000000083d00000| PB 0x0000000083d00000| Complete 
|  62|0x0000000083e00000, 0x0000000083f00000, 0x0000000083f00000|100%| E|CS|TAMS 0x0000000083e00000| PB 0x0000000083e00000| Complete 
|  63|0x0000000083f00000, 0x0000000084000000, 0x0000000084000000|100%| E|CS|TAMS 0x0000000083f00000| PB 0x0000000083f00000| Complete 
|  64|0x0000000084000000, 0x0000000084100000, 0x0000000084100000|100%| E|CS|TAMS 0x0000000084000000| PB 0x0000000084000000| Complete 
|  65|0x0000000084100000, 0x0000000084200000, 0x0000000084200000|100%| E|CS|TAMS 0x0000000084100000| PB 0x0000000084100000| Complete 
|  66|0x0000000084200000, 0x0000000084300000, 0x0000000084300000|100%| E|CS|TAMS 0x0000000084200000| PB 0x0000000084200000| Complete 
|  67|0x0000000084300000, 0x0000000084400000, 0x0000000084400000|100%| E|CS|TAMS 0x0000000084300000| PB 0x0000000084300000| Complete 
|  68|0x0000000084400000, 0x0000000084500000, 0x0000000084500000|100%| E|CS|TAMS 0x0000000084400000| PB 0x0000000084400000| Complete 
|  69|0x0000000084500000, 0x0000000084600000, 0x0000000084600000|100%| E|CS|TAMS 0x0000000084500000| PB 0x0000000084500000| Complete 
|  70|0x0000000084600000, 0x0000000084700000, 0x0000000084700000|100%| E|CS|TAMS 0x0000000084600000| PB 0x0000000084600000| Complete 
|  71|0x0000000084700000, 0x0000000084800000, 0x0000000084800000|100%| E|CS|TAMS 0x0000000084700000| PB 0x0000000084700000| Complete 
|  72|0x0000000084800000, 0x0000000084900000, 0x0000000084900000|100%| E|CS|TAMS 0x0000000084800000| PB 0x0000000084800000| Complete 
|  73|0x0000000084900000, 0x0000000084a00000, 0x0000000084a00000|100%| E|CS|TAMS 0x0000000084900000| PB 0x0000000084900000| Complete 
|  74|0x0000000084a00000, 0x0000000084b00000, 0x0000000084b00000|100%| E|CS|TAMS 0x0000000084a00000| PB 0x0000000084a00000| Complete 
|  75|0x0000000084b00000, 0x0000000084c00000, 0x0000000084c00000|100%| E|CS|TAMS 0x0000000084b00000| PB 0x0000000084b00000| Complete 
|  76|0x0000000084c00000, 0x0000000084d00000, 0x0000000084d00000|100%| E|CS|TAMS 0x0000000084c00000| PB 0x0000000084c00000| Complete 
|  77|0x0000000084d00000, 0x0000000084e00000, 0x0000000084e00000|100%| E|CS|TAMS 0x0000000084d00000| PB 0x0000000084d00000| Complete 
|  78|0x0000000084e00000, 0x0000000084f00000, 0x0000000084f00000|100%| E|CS|TAMS 0x0000000084e00000| PB 0x0000000084e00000| Complete 
|  79|0x0000000084f00000, 0x0000000085000000, 0x0000000085000000|100%| E|CS|TAMS 0x0000000084f00000| PB 0x0000000084f00000| Complete 
|  80|0x0000000085000000, 0x0000000085100000, 0x0000000085100000|100%| E|CS|TAMS 0x0000000085000000| PB 0x0000000085000000| Complete 
|  81|0x0000000085100000, 0x0000000085200000, 0x0000000085200000|100%| E|CS|TAMS 0x0000000085100000| PB 0x0000000085100000| Complete 
|  82|0x0000000085200000, 0x0000000085300000, 0x0000000085300000|100%| E|CS|TAMS 0x0000000085200000| PB 0x0000000085200000| Complete 
|  83|0x0000000085300000, 0x0000000085400000, 0x0000000085400000|100%| E|CS|TAMS 0x0000000085300000| PB 0x0000000085300000| Complete 
|  84|0x0000000085400000, 0x0000000085500000, 0x0000000085500000|100%| E|CS|TAMS 0x0000000085400000| PB 0x0000000085400000| Complete 
|  85|0x0000000085500000, 0x0000000085600000, 0x0000000085600000|100%| E|CS|TAMS 0x0000000085500000| PB 0x0000000085500000| Complete 
|  86|0x0000000085600000, 0x0000000085700000, 0x0000000085700000|100%| E|CS|TAMS 0x0000000085600000| PB 0x0000000085600000| Complete 
|  87|0x0000000085700000, 0x0000000085800000, 0x0000000085800000|100%| E|CS|TAMS 0x0000000085700000| PB 0x0000000085700000| Complete 
|  88|0x0000000085800000, 0x0000000085900000, 0x0000000085900000|100%| E|CS|TAMS 0x0000000085800000| PB 0x0000000085800000| Complete 
|  89|0x0000000085900000, 0x0000000085a00000, 0x0000000085a00000|100%| E|CS|TAMS 0x0000000085900000| PB 0x0000000085900000| Complete 
|  90|0x0000000085a00000, 0x0000000085b00000, 0x0000000085b00000|100%| E|CS|TAMS 0x0000000085a00000| PB 0x0000000085a00000| Complete 
|  91|0x0000000085b00000, 0x0000000085c00000, 0x0000000085c00000|100%| E|CS|TAMS 0x0000000085b00000| PB 0x0000000085b00000| Complete 
|  92|0x0000000085c00000, 0x0000000085d00000, 0x0000000085d00000|100%| E|CS|TAMS 0x0000000085c00000| PB 0x0000000085c00000| Complete 
|  93|0x0000000085d00000, 0x0000000085e00000, 0x0000000085e00000|100%| E|CS|TAMS 0x0000000085d00000| PB 0x0000000085d00000| Complete 
|  94|0x0000000085e00000, 0x0000000085f00000, 0x0000000085f00000|100%| E|CS|TAMS 0x0000000085e00000| PB 0x0000000085e00000| Complete 
|  95|0x0000000085f00000, 0x0000000086000000, 0x0000000086000000|100%| E|CS|TAMS 0x0000000085f00000| PB 0x0000000085f00000| Complete 
|  96|0x0000000086000000, 0x0000000086100000, 0x0000000086100000|100%| E|CS|TAMS 0x0000000086000000| PB 0x0000000086000000| Complete 
|  97|0x0000000086100000, 0x0000000086200000, 0x0000000086200000|100%| E|CS|TAMS 0x0000000086100000| PB 0x0000000086100000| Complete 
|  98|0x0000000086200000, 0x0000000086300000, 0x0000000086300000|100%| E|CS|TAMS 0x0000000086200000| PB 0x0000000086200000| Complete 
|  99|0x0000000086300000, 0x0000000086400000, 0x0000000086400000|100%| E|CS|TAMS 0x0000000086300000| PB 0x0000000086300000| Complete 
| 100|0x0000000086400000, 0x0000000086500000, 0x0000000086500000|100%| E|CS|TAMS 0x0000000086400000| PB 0x0000000086400000| Complete 
| 101|0x0000000086500000, 0x0000000086600000, 0x0000000086600000|100%| E|CS|TAMS 0x0000000086500000| PB 0x0000000086500000| Complete 
| 102|0x0000000086600000, 0x0000000086700000, 0x0000000086700000|100%| E|CS|TAMS 0x0000000086600000| PB 0x0000000086600000| Complete 
| 103|0x0000000086700000, 0x0000000086800000, 0x0000000086800000|100%| E|CS|TAMS 0x0000000086700000| PB 0x0000000086700000| Complete 
| 104|0x0000000086800000, 0x0000000086900000, 0x0000000086900000|100%| E|CS|TAMS 0x0000000086800000| PB 0x0000000086800000| Complete 
| 105|0x0000000086900000, 0x0000000086a00000, 0x0000000086a00000|100%| E|CS|TAMS 0x0000000086900000| PB 0x0000000086900000| Complete 
| 106|0x0000000086a00000, 0x0000000086b00000, 0x0000000086b00000|100%| E|CS|TAMS 0x0000000086a00000| PB 0x0000000086a00000| Complete 
| 107|0x0000000086b00000, 0x0000000086c00000, 0x0000000086c00000|100%| E|CS|TAMS 0x0000000086b00000| PB 0x0000000086b00000| Complete 
| 108|0x0000000086c00000, 0x0000000086d00000, 0x0000000086d00000|100%| E|CS|TAMS 0x0000000086c00000| PB 0x0000000086c00000| Complete 
| 109|0x0000000086d00000, 0x0000000086e00000, 0x0000000086e00000|100%| E|CS|TAMS 0x0000000086d00000| PB 0x0000000086d00000| Complete 
| 110|0x0000000086e00000, 0x0000000086f00000, 0x0000000086f00000|100%| E|CS|TAMS 0x0000000086e00000| PB 0x0000000086e00000| Complete 
| 111|0x0000000086f00000, 0x0000000087000000, 0x0000000087000000|100%| S|  |TAMS 0x0000000086f00000| PB 0x0000000086f00000| Complete 
| 119|0x0000000087700000, 0x0000000087800000, 0x0000000087800000|100%| E|CS|TAMS 0x0000000087700000| PB 0x0000000087700000| Complete 
|2042|0x00000000ffa00000, 0x00000000ffb00000, 0x00000000ffb00000|100%| O|CS|TAMS 0x00000000ffa00000| PB 0x00000000ffa00000| Complete 
|2043|0x00000000ffb00000, 0x00000000ffc00000, 0x00000000ffc00000|100%| O|  |TAMS 0x00000000ffb00000| PB 0x00000000ffb00000| Untracked 
|2044|0x00000000ffc00000, 0x00000000ffd00000, 0x00000000ffd00000|100%| O|  |TAMS 0x00000000ffc00000| PB 0x00000000ffc00000| Untracked 
|2045|0x00000000ffd00000, 0x00000000ffe00000, 0x00000000ffe00000|100%| O|  |TAMS 0x00000000ffd00000| PB 0x00000000ffd00000| Untracked 
|2046|0x00000000ffe00000, 0x00000000fff00000, 0x00000000fff00000|100%| O|  |TAMS 0x00000000ffe00000| PB 0x00000000ffe00000| Untracked 
|2047|0x00000000fff00000, 0x0000000100000000, 0x0000000100000000|100%| O|  |TAMS 0x00000000fff00000| PB 0x00000000fff00000| Untracked 

Card table byte_map: [0x000002f241aa0000,0x000002f241ea0000] _byte_map_base: 0x000002f2416a0000

Marking Bits: (CMBitMap*) 0x000002f22d34dc90
 Bits: [0x000002f241ea0000, 0x000002f243ea0000)

Polling page: 0x000002f22d3d0000

Metaspace:

Usage:
  Non-class:     53.30 MB used.
      Class:      8.43 MB used.
       Both:     61.73 MB used.

Virtual space:
  Non-class space:       64.00 MB reserved,      54.12 MB ( 85%) committed,  1 nodes.
      Class space:        1.00 GB reserved,       9.25 MB ( <1%) committed,  1 nodes.
             Both:        1.06 GB reserved,      63.38 MB (  6%) committed. 

Chunk freelists:
   Non-Class:  9.80 MB
       Class:  6.73 MB
        Both:  16.53 MB

MaxMetaspaceSize: unlimited
CompressedClassSpaceSize: 1.00 GB
Initial GC threshold: 21.00 MB
Current GC threshold: 99.81 MB
CDS: off
 - commit_granule_bytes: 65536.
 - commit_granule_words: 8192.
 - virtual_space_node_default_size: 8388608.
 - enlarge_chunks_in_place: 1.
 - use_allocation_guard: 0.


Internal statistics:

num_allocs_failed_limit: 12.
num_arena_births: 3000.
num_arena_deaths: 0.
num_vsnodes_births: 2.
num_vsnodes_deaths: 0.
num_space_committed: 1014.
num_space_uncommitted: 0.
num_chunks_returned_to_freelist: 12.
num_chunks_taken_from_freelist: 5578.
num_chunk_merges: 12.
num_chunk_splits: 3592.
num_chunks_enlarged: 2191.
num_inconsistent_stats: 0.

CodeHeap 'non-profiled nmethods': size=120000Kb used=4080Kb max_used=4080Kb free=115919Kb
 bounds [0x000002f239710000, 0x000002f239b10000, 0x000002f240c40000]
CodeHeap 'profiled nmethods': size=120000Kb used=13161Kb max_used=13161Kb free=106838Kb
 bounds [0x000002f231c40000, 0x000002f232920000, 0x000002f239170000]
CodeHeap 'non-nmethods': size=5760Kb used=2718Kb max_used=2819Kb free=3041Kb
 bounds [0x000002f239170000, 0x000002f239440000, 0x000002f239710000]
 total_blobs=7874 nmethods=7001 adapters=775
 compilation: enabled
              stopped_count=0, restarted_count=0
 full_count=0

Compilation events (20 events):
Event: 5.996 Thread 0x000002f246c4d060 nmethod 7590 0x000002f232903710 code [0x000002f232903900, 0x000002f232903c90]
Event: 5.996 Thread 0x000002f246c4d060 7593       2       org.gradle.internal.classpath.generated.InterceptorDeclaration_ConfigCacheJvmBytecode::visitMethodInsn (4411 bytes)
Event: 6.018 Thread 0x000002f246c4d060 nmethod 7593 0x000002f232903f10 code [0x000002f2329063a0, 0x000002f23290e5e0]
Event: 6.018 Thread 0x000002f246c4d060 7603   !   3       java.lang.StringLatin1::replace (291 bytes)
Event: 6.020 Thread 0x000002f246c4d060 nmethod 7603 0x000002f232914c90 code [0x000002f232914fc0, 0x000002f2329161a0]
Event: 6.020 Thread 0x000002f246c4d060 7600       3       org.gradle.internal.classpath.types.PropertiesBackedInstrumentationTypeRegistry::getSuperTypes (25 bytes)
Event: 6.020 Thread 0x000002f246c4d060 nmethod 7600 0x000002f232916b10 code [0x000002f232916ce0, 0x000002f2329171e0]
Event: 6.020 Thread 0x000002f246c4d060 7601       3       java.util.LinkedHashMap::getOrDefault (29 bytes)
Event: 6.020 Thread 0x000002f246c4d060 nmethod 7601 0x000002f232917310 code [0x000002f2329174e0, 0x000002f232917730]
Event: 6.020 Thread 0x000002f246c4d060 7621       3       org.objectweb.asm.MethodVisitor::visitLocalVariable (24 bytes)
Event: 6.020 Thread 0x000002f246c4d060 nmethod 7621 0x000002f232917810 code [0x000002f2329179c0, 0x000002f232917bc8]
Event: 6.020 Thread 0x000002f246c4d060 7594       2       org.gradle.internal.classpath.generated.InterceptorDeclaration_PropertyUpgradesJvmBytecode_CoreApi::visitMethodInsn (64 bytes)
Event: 6.021 Thread 0x000002f246c4d060 nmethod 7594 0x000002f232917c90 code [0x000002f232917e80, 0x000002f232918150]
Event: 6.021 Thread 0x000002f246c4d060 7595       2       org.gradle.internal.classpath.generated.InterceptorDeclaration_PropertyUpgradesJvmBytecode_LanguageJvm::visitMethodInsn (218 bytes)
Event: 6.022 Thread 0x000002f246c4d060 nmethod 7595 0x000002f232918390 code [0x000002f232918660, 0x000002f232918ce8]
Event: 6.022 Thread 0x000002f246c4d060 7625       3       java.util.zip.CRC32::update (38 bytes)
Event: 6.022 Thread 0x000002f246c4d060 nmethod 7625 0x000002f232919110 code [0x000002f232919300, 0x000002f232919730]
Event: 6.022 Thread 0x000002f246c4d060 7626       3       org.gradle.internal.classpath.transforms.InstrumentingBackwardsCompatibilityVisitor::fixDescriptorForBackwardCompatibility (52 bytes)
Event: 6.023 Thread 0x000002f246c4d060 nmethod 7626 0x000002f232919910 code [0x000002f232919b20, 0x000002f23291a3f0]
Event: 6.023 Thread 0x000002f246c4d060 7604       2       org.gradle.internal.classpath.generated.InterceptorDeclaration_PropertyUpgradesJvmBytecode_TestingJvm::visitMethodInsn (110 bytes)

GC Heap History (20 events):
Event: 0.977 GC heap after
{Heap after GC invocations=3 (full 0):
 garbage-first heap   total 122880K, used 18596K [0x0000000080000000, 0x0000000100000000)
  region size 1024K, 7 young (7168K), 7 survivors (7168K)
 Metaspace       used 14262K, committed 14592K, reserved 1114112K
  class space    used 1565K, committed 1728K, reserved 1048576K
}
Event: 1.373 GC heap before
{Heap before GC invocations=3 (full 0):
 garbage-first heap   total 122880K, used 40100K [0x0000000080000000, 0x0000000100000000)
  region size 1024K, 30 young (30720K), 7 survivors (7168K)
 Metaspace       used 21218K, committed 21504K, reserved 1114112K
  class space    used 2458K, committed 2624K, reserved 1048576K
}
Event: 1.378 GC heap after
{Heap after GC invocations=4 (full 0):
 garbage-first heap   total 122880K, used 21928K [0x0000000080000000, 0x0000000100000000)
  region size 1024K, 8 young (8192K), 8 survivors (8192K)
 Metaspace       used 21218K, committed 21504K, reserved 1114112K
  class space    used 2458K, committed 2624K, reserved 1048576K
}
Event: 2.100 GC heap before
{Heap before GC invocations=5 (full 0):
 garbage-first heap   total 75776K, used 75176K [0x0000000080000000, 0x0000000100000000)
  region size 1024K, 60 young (61440K), 8 survivors (8192K)
 Metaspace       used 29798K, committed 30336K, reserved 1114112K
  class space    used 3825K, committed 4096K, reserved 1048576K
}
Event: 2.107 GC heap after
{Heap after GC invocations=6 (full 0):
 garbage-first heap   total 106496K, used 25047K [0x0000000080000000, 0x0000000100000000)
  region size 1024K, 7 young (7168K), 7 survivors (7168K)
 Metaspace       used 29798K, committed 30336K, reserved 1114112K
  class space    used 3825K, committed 4096K, reserved 1048576K
}
Event: 2.695 GC heap before
{Heap before GC invocations=6 (full 0):
 garbage-first heap   total 106496K, used 64983K [0x0000000080000000, 0x0000000100000000)
  region size 1024K, 47 young (48128K), 7 survivors (7168K)
 Metaspace       used 35310K, committed 36160K, reserved 1114112K
  class space    used 4745K, committed 5184K, reserved 1048576K
}
Event: 2.701 GC heap after
{Heap after GC invocations=7 (full 0):
 garbage-first heap   total 106496K, used 27309K [0x0000000080000000, 0x0000000100000000)
  region size 1024K, 6 young (6144K), 6 survivors (6144K)
 Metaspace       used 35310K, committed 36160K, reserved 1114112K
  class space    used 4745K, committed 5184K, reserved 1048576K
}
Event: 2.728 GC heap before
{Heap before GC invocations=7 (full 0):
 garbage-first heap   total 106496K, used 30381K [0x0000000080000000, 0x0000000100000000)
  region size 1024K, 10 young (10240K), 6 survivors (6144K)
 Metaspace       used 35617K, committed 36480K, reserved 1114112K
  class space    used 4792K, committed 5184K, reserved 1048576K
}
Event: 2.732 GC heap after
{Heap after GC invocations=8 (full 0):
 garbage-first heap   total 106496K, used 27849K [0x0000000080000000, 0x0000000100000000)
  region size 1024K, 3 young (3072K), 3 survivors (3072K)
 Metaspace       used 35617K, committed 36480K, reserved 1114112K
  class space    used 4792K, committed 5184K, reserved 1048576K
}
Event: 3.422 GC heap before
{Heap before GC invocations=9 (full 0):
 garbage-first heap   total 96256K, used 87241K [0x0000000080000000, 0x0000000100000000)
  region size 1024K, 62 young (63488K), 3 survivors (3072K)
 Metaspace       used 45543K, committed 46720K, reserved 1114112K
  class space    used 6062K, committed 6656K, reserved 1048576K
}
Event: 3.429 GC heap after
{Heap after GC invocations=10 (full 0):
 garbage-first heap   total 97280K, used 32964K [0x0000000080000000, 0x0000000100000000)
  region size 1024K, 8 young (8192K), 8 survivors (8192K)
 Metaspace       used 45543K, committed 46720K, reserved 1114112K
  class space    used 6062K, committed 6656K, reserved 1048576K
}
Event: 3.941 GC heap before
{Heap before GC invocations=10 (full 0):
 garbage-first heap   total 97280K, used 86212K [0x0000000080000000, 0x0000000100000000)
  region size 1024K, 56 young (57344K), 8 survivors (8192K)
 Metaspace       used 49675K, committed 50944K, reserved 1114112K
  class space    used 6634K, committed 7296K, reserved 1048576K
}
Event: 3.949 GC heap after
{Heap after GC invocations=11 (full 0):
 garbage-first heap   total 100352K, used 36601K [0x0000000080000000, 0x0000000100000000)
  region size 1024K, 5 young (5120K), 5 survivors (5120K)
 Metaspace       used 49675K, committed 50944K, reserved 1114112K
  class space    used 6634K, committed 7296K, reserved 1048576K
}
Event: 4.595 GC heap before
{Heap before GC invocations=11 (full 0):
 garbage-first heap   total 100352K, used 87801K [0x0000000080000000, 0x0000000100000000)
  region size 1024K, 54 young (55296K), 5 survivors (5120K)
 Metaspace       used 56443K, committed 57984K, reserved 1114112K
  class space    used 7580K, committed 8384K, reserved 1048576K
}
Event: 4.602 GC heap after
{Heap after GC invocations=12 (full 0):
 garbage-first heap   total 120832K, used 39914K [0x0000000080000000, 0x0000000100000000)
  region size 1024K, 4 young (4096K), 4 survivors (4096K)
 Metaspace       used 56443K, committed 57984K, reserved 1114112K
  class space    used 7580K, committed 8384K, reserved 1048576K
}
Event: 4.917 GC heap before
{Heap before GC invocations=12 (full 0):
 garbage-first heap   total 120832K, used 63466K [0x0000000080000000, 0x0000000100000000)
  region size 1024K, 28 young (28672K), 4 survivors (4096K)
 Metaspace       used 59469K, committed 61056K, reserved 1114112K
  class space    used 8068K, committed 8896K, reserved 1048576K
}
Event: 4.921 GC heap after
{Heap after GC invocations=13 (full 0):
 garbage-first heap   total 120832K, used 40837K [0x0000000080000000, 0x0000000100000000)
  region size 1024K, 5 young (5120K), 5 survivors (5120K)
 Metaspace       used 59469K, committed 61056K, reserved 1114112K
  class space    used 8068K, committed 8896K, reserved 1048576K
}
Event: 5.701 GC heap before
{Heap before GC invocations=14 (full 0):
 garbage-first heap   total 120832K, used 106373K [0x0000000080000000, 0x0000000100000000)
  region size 1024K, 70 young (71680K), 5 survivors (5120K)
 Metaspace       used 61455K, committed 63040K, reserved 1114112K
  class space    used 8306K, committed 9088K, reserved 1048576K
}
Event: 5.711 GC heap after
{Heap after GC invocations=15 (full 0):
 garbage-first heap   total 120832K, used 46080K [0x0000000080000000, 0x0000000100000000)
  region size 1024K, 9 young (9216K), 9 survivors (9216K)
 Metaspace       used 61455K, committed 63040K, reserved 1114112K
  class space    used 8306K, committed 9088K, reserved 1048576K
}
Event: 6.023 GC heap before
{Heap before GC invocations=15 (full 0):
 garbage-first heap   total 120832K, used 104448K [0x0000000080000000, 0x0000000100000000)
  region size 1024K, 66 young (67584K), 9 survivors (9216K)
 Metaspace       used 63209K, committed 64896K, reserved 1114112K
  class space    used 8632K, committed 9472K, reserved 1048576K
}

Dll operation events (3 events):
Event: 0.005 Loaded shared library C:\Program Files\Android\Android Studio\jbr\bin\java.dll
Event: 0.009 Loaded shared library C:\Program Files\Android\Android Studio\jbr\bin\zip.dll
Event: 0.354 Loaded shared library C:\Program Files\Android\Android Studio\jbr\bin\verify.dll

Deoptimization events (20 events):
Event: 5.961 Thread 0x000002f25005c6f0 Uncommon trap: trap_request=0xffffff45 fr.pc=0x000002f239a25960 relative=0x0000000000000c60
Event: 5.961 Thread 0x000002f25005c6f0 Uncommon trap: reason=unstable_if action=reinterpret pc=0x000002f239a25960 method=org.objectweb.asm.MethodWriter.visitLabel(Lorg/objectweb/asm/Label;)V @ 242 c2
Event: 5.961 Thread 0x000002f25005c6f0 DEOPT PACKING pc=0x000002f239a25960 sp=0x000000fc39efa370
Event: 5.961 Thread 0x000002f25005c6f0 DEOPT UNPACKING pc=0x000002f2391c46a2 sp=0x000000fc39efa358 mode 2
Event: 5.964 Thread 0x000002f25005c6f0 Uncommon trap: trap_request=0xffffff45 fr.pc=0x000002f2399b6518 relative=0x0000000000000338
Event: 5.964 Thread 0x000002f25005c6f0 Uncommon trap: reason=unstable_if action=reinterpret pc=0x000002f2399b6518 method=org.objectweb.asm.MethodWriter.visitVarInsn(II)V @ 116 c2
Event: 5.964 Thread 0x000002f25005c6f0 DEOPT PACKING pc=0x000002f2399b6518 sp=0x000000fc39efa470
Event: 5.964 Thread 0x000002f25005c6f0 DEOPT UNPACKING pc=0x000002f2391c46a2 sp=0x000000fc39efa408 mode 2
Event: 5.964 Thread 0x000002f25005c6f0 Uncommon trap: trap_request=0xffffff45 fr.pc=0x000002f239a838d4 relative=0x0000000000000794
Event: 5.964 Thread 0x000002f25005c6f0 Uncommon trap: reason=unstable_if action=reinterpret pc=0x000002f239a838d4 method=org.objectweb.asm.MethodWriter.visitMethodInsn(ILjava/lang/String;Ljava/lang/String;Ljava/lang/String;Z)V @ 89 c2
Event: 5.964 Thread 0x000002f25005c6f0 DEOPT PACKING pc=0x000002f239a838d4 sp=0x000000fc39efa260
Event: 5.964 Thread 0x000002f25005c6f0 DEOPT UNPACKING pc=0x000002f2391c46a2 sp=0x000000fc39efa1d8 mode 2
Event: 5.975 Thread 0x000002f25005c6f0 Uncommon trap: trap_request=0xffffff45 fr.pc=0x000002f2399b1890 relative=0x0000000000000270
Event: 5.975 Thread 0x000002f25005c6f0 Uncommon trap: reason=unstable_if action=reinterpret pc=0x000002f2399b1890 method=org.objectweb.asm.Label.resolve([BLorg/objectweb/asm/ByteVector;I)Z @ 81 c2
Event: 5.975 Thread 0x000002f25005c6f0 DEOPT PACKING pc=0x000002f2399b1890 sp=0x000000fc39efa3b0
Event: 5.975 Thread 0x000002f25005c6f0 DEOPT UNPACKING pc=0x000002f2391c46a2 sp=0x000000fc39efa320 mode 2
Event: 5.982 Thread 0x000002f25005c6f0 DEOPT PACKING pc=0x000002f2328ddd4b sp=0x000000fc39efa4c0
Event: 5.982 Thread 0x000002f25005c6f0 DEOPT UNPACKING pc=0x000002f2391c4e42 sp=0x000000fc39ef9930 mode 0
Event: 5.986 Thread 0x000002f25005c6f0 DEOPT PACKING pc=0x000002f2328de67d sp=0x000000fc39efa120
Event: 5.986 Thread 0x000002f25005c6f0 DEOPT UNPACKING pc=0x000002f2391c4e42 sp=0x000000fc39ef9620 mode 0

Classes loaded (20 events):
Event: 5.827 Loading class sun/nio/ch/ChannelOutputStream
Event: 5.827 Loading class sun/nio/ch/ChannelOutputStream done
Event: 5.847 Loading class java/nio/file/StandardCopyOption
Event: 5.847 Loading class java/nio/file/StandardCopyOption done
Event: 5.847 Loading class sun/nio/fs/WindowsFileCopy
Event: 5.848 Loading class sun/nio/fs/WindowsFileCopy done
Event: 5.896 Loading class java/nio/charset/UnsupportedCharsetException
Event: 5.896 Loading class java/nio/charset/UnsupportedCharsetException done
Event: 5.898 Loading class java/util/Collections$UnmodifiableSortedMap
Event: 5.898 Loading class java/util/Collections$UnmodifiableSortedMap done
Event: 5.898 Loading class java/util/zip/Deflater
Event: 5.899 Loading class java/util/zip/Deflater done
Event: 5.899 Loading class java/util/zip/Deflater$DeflaterZStreamRef
Event: 5.899 Loading class java/util/zip/Deflater$DeflaterZStreamRef done
Event: 5.904 Loading class java/util/zip/ZipFile$ZipEntryIterator
Event: 5.905 Loading class java/util/zip/ZipFile$ZipEntryIterator done
Event: 5.907 Loading class java/util/zip/ZipInputStream
Event: 5.907 Loading class java/util/zip/ZipInputStream done
Event: 5.938 Loading class java/nio/StringCharBuffer
Event: 5.939 Loading class java/nio/StringCharBuffer done

Classes unloaded (0 events):
No events

Classes redefined (0 events):
No events

Internal exceptions (20 events):
Event: 4.900 Thread 0x000002f24cdf9a70 Exception <a 'java/lang/NoSuchMethodError'{0x00000000859ea558}: 'java.lang.Object java.lang.invoke.Invokers$Holder.linkToTargetMethod(java.lang.Object, java.lang.Object, java.lang.Object, java.lang.Object, long, java.lang.Object)'> (0x00000000859ea558) 
thrown [s\src\hotspot\share\interpreter\linkResolver.cpp, line 784]
Event: 4.904 Thread 0x000002f24cdf9a70 Exception <a 'java/lang/NoSuchMethodError'{0x0000000085832758}: 'java.lang.Object java.lang.invoke.DirectMethodHandle$Holder.newInvokeSpecial(java.lang.Object, java.lang.Object, java.lang.Object, long)'> (0x0000000085832758) 
thrown [s\src\hotspot\share\interpreter\linkResolver.cpp, line 784]
Event: 4.904 Thread 0x000002f24cdf9a70 Exception <a 'java/lang/NoSuchMethodError'{0x0000000085837518}: 'java.lang.Object java.lang.invoke.DirectMethodHandle$Holder.invokeSpecial(java.lang.Object, java.lang.Object, java.lang.Object, java.lang.Object, long)'> (0x0000000085837518) 
thrown [s\src\hotspot\share\interpreter\linkResolver.cpp, line 784]
Event: 4.904 Thread 0x000002f24cdf9a70 Exception <a 'java/lang/NoSuchMethodError'{0x000000008583b6d8}: 'java.lang.Object java.lang.invoke.Invokers$Holder.linkToTargetMethod(java.lang.Object, java.lang.Object, long, java.lang.Object)'> (0x000000008583b6d8) 
thrown [s\src\hotspot\share\interpreter\linkResolver.cpp, line 784]
Event: 4.949 Thread 0x000002f24cdf9a70 Exception <a 'java/lang/NoSuchMethodError'{0x0000000086e89de0}: 'java.lang.Object java.lang.invoke.DirectMethodHandle$Holder.invokeSpecial(java.lang.Object, java.lang.Object, long, java.lang.Object, java.lang.Object)'> (0x0000000086e89de0) 
thrown [s\src\hotspot\share\interpreter\linkResolver.cpp, line 784]
Event: 5.176 Thread 0x000002f24cdf9a70 Exception <a 'java/lang/IncompatibleClassChangeError'{0x00000000864cb850}: Found class java.lang.Object, but interface was expected> (0x00000000864cb850) 
thrown [s\src\hotspot\share\interpreter\linkResolver.cpp, line 851]
Event: 5.245 Thread 0x000002f24cdf9a70 Exception <a 'java/lang/NoSuchMethodError'{0x0000000085dbb938}: 'java.lang.Object java.lang.invoke.DirectMethodHandle$Holder.newInvokeSpecial(java.lang.Object, java.lang.Object, java.lang.Object, java.lang.Object, int, java.lang.Object)'> (0x0000000085dbb938) 
thrown [s\src\hotspot\share\interpreter\linkResolver.cpp, line 784]
Event: 5.245 Thread 0x000002f24cdf9a70 Exception <a 'java/lang/NoSuchMethodError'{0x0000000085dc3f58}: 'java.lang.Object java.lang.invoke.Invokers$Holder.linkToTargetMethod(java.lang.Object, java.lang.Object, java.lang.Object, int, java.lang.Object, java.lang.Object)'> (0x0000000085dc3f58) 
thrown [s\src\hotspot\share\interpreter\linkResolver.cpp, line 784]
Event: 5.472 Thread 0x000002f24cdf9a70 Exception <a 'java/lang/NoSuchMethodError'{0x0000000083eb3918}: 'java.lang.Object java.lang.invoke.DirectMethodHandle$Holder.invokeSpecialIFC(java.lang.Object, java.lang.Object, java.lang.Object)'> (0x0000000083eb3918) 
thrown [s\src\hotspot\share\interpreter\linkResolver.cpp, line 784]
Event: 5.790 Thread 0x000002f25005cd80 Exception <a 'java/lang/IncompatibleClassChangeError'{0x000000008699bad0}: Found class java.lang.Object, but interface was expected> (0x000000008699bad0) 
thrown [s\src\hotspot\share\interpreter\linkResolver.cpp, line 851]
Event: 5.790 Thread 0x000002f25005c6f0 Exception <a 'java/lang/IncompatibleClassChangeError'{0x00000000869c5380}: Found class java.lang.Object, but interface was expected> (0x00000000869c5380) 
thrown [s\src\hotspot\share\interpreter\linkResolver.cpp, line 851]
Event: 5.790 Thread 0x000002f25005e7c0 Exception <a 'java/lang/IncompatibleClassChangeError'{0x0000000086aa9870}: Found class java.lang.Object, but interface was expected> (0x0000000086aa9870) 
thrown [s\src\hotspot\share\interpreter\linkResolver.cpp, line 851]
Event: 5.813 Thread 0x000002f250061c40 Exception <a 'java/lang/NoSuchMethodError'{0x000000008668bb30}: 'void java.lang.invoke.DirectMethodHandle$Holder.invokeVirtual(java.lang.Object, java.lang.Object)'> (0x000000008668bb30) 
thrown [s\src\hotspot\share\interpreter\linkResolver.cpp, line 784]
Event: 5.813 Thread 0x000002f25005c6f0 Exception <a 'java/lang/NoSuchMethodError'{0x0000000086611dd8}: 'void java.lang.invoke.DirectMethodHandle$Holder.invokeVirtual(java.lang.Object, java.lang.Object)'> (0x0000000086611dd8) 
thrown [s\src\hotspot\share\interpreter\linkResolver.cpp, line 784]
Event: 5.813 Thread 0x000002f24cdf9a70 Exception <a 'java/lang/NoSuchMethodError'{0x00000000867d5e10}: 'void java.lang.invoke.DirectMethodHandle$Holder.invokeVirtual(java.lang.Object, java.lang.Object)'> (0x00000000867d5e10) 
thrown [s\src\hotspot\share\interpreter\linkResolver.cpp, line 784]
Event: 5.813 Thread 0x000002f25005e130 Exception <a 'java/lang/NoSuchMethodError'{0x000000008664dfc8}: 'void java.lang.invoke.DirectMethodHandle$Holder.invokeVirtual(java.lang.Object, java.lang.Object)'> (0x000000008664dfc8) 
thrown [s\src\hotspot\share\interpreter\linkResolver.cpp, line 784]
Event: 5.814 Thread 0x000002f25005cd80 Exception <a 'java/lang/NoSuchMethodError'{0x0000000086667360}: 'void java.lang.invoke.DirectMethodHandle$Holder.invokeVirtual(java.lang.Object, java.lang.Object)'> (0x0000000086667360) 
thrown [s\src\hotspot\share\interpreter\linkResolver.cpp, line 784]
Event: 5.885 Thread 0x000002f25005c6f0 Exception <a 'java/lang/NoSuchMethodError'{0x0000000085688660}: 'void java.lang.invoke.DirectMethodHandle$Holder.invokeInterface(java.lang.Object, java.lang.Object, java.lang.Object, java.lang.Object)'> (0x0000000085688660) 
thrown [s\src\hotspot\share\interpreter\linkResolver.cpp, line 784]
Event: 5.886 Thread 0x000002f25005c6f0 Exception <a 'sun/nio/fs/WindowsException'{0x0000000085692048}> (0x0000000085692048) 
thrown [s\src\hotspot\share\prims\jni.cpp, line 535]
Event: 5.906 Thread 0x000002f25005c6f0 Implicit null exception at 0x000002f2399a71ef to 0x000002f2399a7db4

ZGC Phase Switch (0 events):
No events

VM Operations (20 events):
Event: 5.268 Executing VM operation: ICBufferFull done
Event: 5.421 Executing VM operation: ICBufferFull
Event: 5.421 Executing VM operation: ICBufferFull done
Event: 5.557 Executing VM operation: ICBufferFull
Event: 5.557 Executing VM operation: ICBufferFull done
Event: 5.701 Executing VM operation: G1CollectForAllocation (G1 Evacuation Pause)
Event: 5.711 Executing VM operation: G1CollectForAllocation (G1 Evacuation Pause) done
Event: 5.774 Executing VM operation: HandshakeAllThreads (Deoptimize)
Event: 5.774 Executing VM operation: HandshakeAllThreads (Deoptimize) done
Event: 5.778 Executing VM operation: HandshakeAllThreads (Deoptimize)
Event: 5.779 Executing VM operation: HandshakeAllThreads (Deoptimize) done
Event: 5.783 Executing VM operation: HandshakeAllThreads (Deoptimize)
Event: 5.783 Executing VM operation: HandshakeAllThreads (Deoptimize) done
Event: 5.833 Executing VM operation: ICBufferFull
Event: 5.833 Executing VM operation: ICBufferFull done
Event: 5.913 Executing VM operation: HandshakeAllThreads (Deoptimize)
Event: 5.914 Executing VM operation: HandshakeAllThreads (Deoptimize) done
Event: 5.941 Executing VM operation: HandshakeAllThreads (Deoptimize)
Event: 5.941 Executing VM operation: HandshakeAllThreads (Deoptimize) done
Event: 6.023 Executing VM operation: G1CollectForAllocation (G1 Evacuation Pause)

Memory protections (0 events):
No events

Nmethod flushes (20 events):
Event: 4.957 Thread 0x000002f24699b830 flushing  nmethod 0x000002f231dc6690
Event: 4.957 Thread 0x000002f24699b830 flushing  nmethod 0x000002f231dd8c10
Event: 4.957 Thread 0x000002f24699b830 flushing  nmethod 0x000002f231ddf390
Event: 4.957 Thread 0x000002f24699b830 flushing  nmethod 0x000002f231de0b10
Event: 4.957 Thread 0x000002f24699b830 flushing  nmethod 0x000002f231de1810
Event: 4.957 Thread 0x000002f24699b830 flushing  nmethod 0x000002f231de1c10
Event: 4.957 Thread 0x000002f24699b830 flushing  nmethod 0x000002f231de8f90
Event: 4.957 Thread 0x000002f24699b830 flushing  nmethod 0x000002f231e31510
Event: 4.957 Thread 0x000002f24699b830 flushing  nmethod 0x000002f231ef8290
Event: 4.957 Thread 0x000002f24699b830 flushing  nmethod 0x000002f231efec10
Event: 4.957 Thread 0x000002f24699b830 flushing  nmethod 0x000002f231eff110
Event: 4.957 Thread 0x000002f24699b830 flushing  nmethod 0x000002f231f62210
Event: 4.957 Thread 0x000002f24699b830 flushing  nmethod 0x000002f231f62f90
Event: 4.957 Thread 0x000002f24699b830 flushing  nmethod 0x000002f231f63590
Event: 4.957 Thread 0x000002f24699b830 flushing  nmethod 0x000002f231fb0b90
Event: 4.957 Thread 0x000002f24699b830 flushing  nmethod 0x000002f231fb2410
Event: 4.957 Thread 0x000002f24699b830 flushing  nmethod 0x000002f231fb4f90
Event: 4.957 Thread 0x000002f24699b830 flushing  nmethod 0x000002f231fed410
Event: 4.957 Thread 0x000002f24699b830 flushing  nmethod 0x000002f2320fa410
Event: 4.957 Thread 0x000002f24699b830 flushing  nmethod 0x000002f2320fe710

Events (20 events):
Event: 5.189 Thread 0x000002f24cdf9a70 Thread added: 0x000002f24eabbae0
Event: 5.189 Thread 0x000002f24cdf9a70 Thread added: 0x000002f250060890
Event: 5.189 Thread 0x000002f24cdf9a70 Thread added: 0x000002f250060200
Event: 5.189 Thread 0x000002f24cdf9a70 Thread added: 0x000002f25005f4e0
Event: 5.189 Thread 0x000002f24cdf9a70 Thread added: 0x000002f25005daa0
Event: 5.189 Thread 0x000002f24cdf9a70 Thread added: 0x000002f25005c060
Event: 5.267 Thread 0x000002f24cdf9a70 Thread added: 0x000002f2500622d0
Event: 5.268 Thread 0x000002f24cdf9a70 Thread added: 0x000002f25005d410
Event: 5.270 Thread 0x000002f24cdf9a70 Thread added: 0x000002f250060f20
Event: 5.271 Thread 0x000002f24cdf9a70 Thread added: 0x000002f250062960
Event: 5.272 Thread 0x000002f24cdf9a70 Thread added: 0x000002f250062ff0
Event: 5.274 Thread 0x000002f24cdf9a70 Thread added: 0x000002f250063680
Event: 5.276 Thread 0x000002f24cdf9a70 Thread added: 0x000002f25005fb70
Event: 5.473 Thread 0x000002f24cdf9a70 Thread added: 0x000002f25005e130
Event: 5.474 Thread 0x000002f24cdf9a70 Thread added: 0x000002f2500615b0
Event: 5.475 Thread 0x000002f24cdf9a70 Thread added: 0x000002f25005c6f0
Event: 5.476 Thread 0x000002f24cdf9a70 Thread added: 0x000002f250061c40
Event: 5.477 Thread 0x000002f24cdf9a70 Thread added: 0x000002f25005cd80
Event: 5.477 Thread 0x000002f24cdf9a70 Thread added: 0x000002f25005e7c0
Event: 5.479 Thread 0x000002f24cdf9a70 Thread added: 0x000002f25005ee50


Dynamic libraries:
0x00007ff7a0c80000 - 0x00007ff7a0c8a000 	C:\Program Files\Android\Android Studio\jbr\bin\java.exe
0x00007fffa7650000 - 0x00007fffa7845000 	C:\Windows\SYSTEM32\ntdll.dll
0x00007fffa5e80000 - 0x00007fffa5f3d000 	C:\Windows\System32\KERNEL32.DLL
0x00007fffa50a0000 - 0x00007fffa5368000 	C:\Windows\System32\KERNELBASE.dll
0x00007fffa4fa0000 - 0x00007fffa50a0000 	C:\Windows\System32\ucrtbase.dll
0x00007fffa0020000 - 0x00007fffa003b000 	C:\Program Files\Android\Android Studio\jbr\bin\VCRUNTIME140.dll
0x00007fffa09c0000 - 0x00007fffa09d8000 	C:\Program Files\Android\Android Studio\jbr\bin\jli.dll
0x00007fffa72a0000 - 0x00007fffa7440000 	C:\Windows\System32\USER32.dll
0x00007fffa4f70000 - 0x00007fffa4f92000 	C:\Windows\System32\win32u.dll
0x00007fff8b1d0000 - 0x00007fff8b46a000 	C:\Windows\WinSxS\amd64_microsoft.windows.common-controls_6595b64144ccf1df_6.0.19041.844_none_ca00b6081b84eb1d\COMCTL32.dll
0x00007fffa7000000 - 0x00007fffa702a000 	C:\Windows\System32\GDI32.dll
0x00007fffa5de0000 - 0x00007fffa5e7e000 	C:\Windows\System32\msvcrt.dll
0x00007fffa5370000 - 0x00007fffa547b000 	C:\Windows\System32\gdi32full.dll
0x00007fffa4ed0000 - 0x00007fffa4f6d000 	C:\Windows\System32\msvcp_win.dll
0x00007fffa7620000 - 0x00007fffa7650000 	C:\Windows\System32\IMM32.DLL
0x00007fffa09b0000 - 0x00007fffa09bc000 	C:\Program Files\Android\Android Studio\jbr\bin\vcruntime140_1.dll
0x00007fff9dc20000 - 0x00007fff9dcad000 	C:\Program Files\Android\Android Studio\jbr\bin\msvcp140.dll
0x00007fff3c5f0000 - 0x00007fff3d273000 	C:\Program Files\Android\Android Studio\jbr\bin\server\jvm.dll
0x00007fffa7440000 - 0x00007fffa74ec000 	C:\Windows\System32\ADVAPI32.dll
0x00007fffa56f0000 - 0x00007fffa578b000 	C:\Windows\System32\sechost.dll
0x00007fffa7030000 - 0x00007fffa715b000 	C:\Windows\System32\RPCRT4.dll
0x00007fffa74f0000 - 0x00007fffa755b000 	C:\Windows\System32\WS2_32.dll
0x00007fffa4c40000 - 0x00007fffa4c8b000 	C:\Windows\SYSTEM32\POWRPROF.dll
0x00007fff8f4f0000 - 0x00007fff8f517000 	C:\Windows\SYSTEM32\WINMM.dll
0x00007fff9d350000 - 0x00007fff9d35a000 	C:\Windows\SYSTEM32\VERSION.dll
0x00007fffa4c20000 - 0x00007fffa4c32000 	C:\Windows\SYSTEM32\UMPDC.dll
0x00007fffa2d10000 - 0x00007fffa2d22000 	C:\Windows\SYSTEM32\kernel.appcore.dll
0x00007fff9db20000 - 0x00007fff9db2a000 	C:\Program Files\Android\Android Studio\jbr\bin\jimage.dll
0x00007fff9e650000 - 0x00007fff9e834000 	C:\Windows\SYSTEM32\DBGHELP.DLL
0x00007fff8f210000 - 0x00007fff8f23c000 	C:\Windows\SYSTEM32\dbgcore.DLL
0x00007fffa5480000 - 0x00007fffa5500000 	C:\Windows\System32\bcryptPrimitives.dll
0x00007fffa0050000 - 0x00007fffa005e000 	C:\Program Files\Android\Android Studio\jbr\bin\instrument.dll
0x00007fff9da60000 - 0x00007fff9da80000 	C:\Program Files\Android\Android Studio\jbr\bin\java.dll
0x00007fff8b9d0000 - 0x00007fff8b9e8000 	C:\Program Files\Android\Android Studio\jbr\bin\zip.dll
0x00007fffa6240000 - 0x00007fffa6982000 	C:\Windows\System32\SHELL32.dll
0x00007fffa2f10000 - 0x00007fffa36a1000 	C:\Windows\SYSTEM32\windows.storage.dll
0x00007fffa5790000 - 0x00007fffa5ae5000 	C:\Windows\System32\combase.dll
0x00007fffa4770000 - 0x00007fffa479c000 	C:\Windows\SYSTEM32\Wldp.dll
0x00007fffa71f0000 - 0x00007fffa729e000 	C:\Windows\System32\SHCORE.dll
0x00007fffa5cf0000 - 0x00007fffa5d45000 	C:\Windows\System32\shlwapi.dll
0x00007fffa4d10000 - 0x00007fffa4d2f000 	C:\Windows\SYSTEM32\profapi.dll
0x00007fff9db10000 - 0x00007fff9db20000 	C:\Program Files\Android\Android Studio\jbr\bin\net.dll
0x00007fff9afc0000 - 0x00007fff9b0cb000 	C:\Windows\SYSTEM32\WINHTTP.dll
0x00007fffa44e0000 - 0x00007fffa454a000 	C:\Windows\system32\mswsock.dll
0x00007fff88b50000 - 0x00007fff88b66000 	C:\Program Files\Android\Android Studio\jbr\bin\nio.dll
0x00007fff91130000 - 0x00007fff91140000 	C:\Program Files\Android\Android Studio\jbr\bin\verify.dll
0x00007fff9db40000 - 0x00007fff9db67000 	C:\Users\welcome\.gradle\native\c067742578af261105cb4f569cf0c3c89f3d7b1fecec35dd04571415982c5e48\windows-amd64\native-platform.dll
0x00007fff79030000 - 0x00007fff79174000 	C:\Users\welcome\.gradle\native\100fb08df4bc3b14c8652ba06237920a3bd2aa13389f12d3474272988ae205f9\windows-amd64\native-platform-file-events.dll
0x00007fff87ba0000 - 0x00007fff87ba9000 	C:\Program Files\Android\Android Studio\jbr\bin\management.dll
0x00007fff851e0000 - 0x00007fff851eb000 	C:\Program Files\Android\Android Studio\jbr\bin\management_ext.dll
0x00007fffa6a50000 - 0x00007fffa6a58000 	C:\Windows\System32\PSAPI.DLL
0x00007fffa46b0000 - 0x00007fffa46c8000 	C:\Windows\SYSTEM32\CRYPTSP.dll
0x00007fffa3e80000 - 0x00007fffa3eb4000 	C:\Windows\system32\rsaenh.dll
0x00007fffa5560000 - 0x00007fffa5587000 	C:\Windows\System32\bcrypt.dll
0x00007fffa4c90000 - 0x00007fffa4cbe000 	C:\Windows\SYSTEM32\USERENV.dll
0x00007fffa46d0000 - 0x00007fffa46dc000 	C:\Windows\SYSTEM32\CRYPTBASE.dll
0x00007fffa41d0000 - 0x00007fffa420b000 	C:\Windows\SYSTEM32\IPHLPAPI.DLL
0x00007fffa5d50000 - 0x00007fffa5d58000 	C:\Windows\System32\NSI.dll
0x00007fff87bb0000 - 0x00007fff87bb9000 	C:\Program Files\Android\Android Studio\jbr\bin\extnet.dll
0x00007fff8b9c0000 - 0x00007fff8b9c7000 	C:\Windows\system32\wshunix.dll

dbghelp: loaded successfully - version: 4.0.5 - missing functions: none
symbol engine: initialized successfully - sym options: 0x614 - pdb path: .;C:\Program Files\Android\Android Studio\jbr\bin;C:\Windows\SYSTEM32;C:\Windows\WinSxS\amd64_microsoft.windows.common-controls_6595b64144ccf1df_6.0.19041.844_none_ca00b6081b84eb1d;C:\Program Files\Android\Android Studio\jbr\bin\server;C:\Users\welcome\.gradle\native\c067742578af261105cb4f569cf0c3c89f3d7b1fecec35dd04571415982c5e48\windows-amd64;C:\Users\welcome\.gradle\native\100fb08df4bc3b14c8652ba06237920a3bd2aa13389f12d3474272988ae205f9\windows-amd64

VM Arguments:
jvm_args: --add-opens=java.base/java.util=ALL-UNNAMED --add-opens=java.base/java.lang=ALL-UNNAMED --add-opens=java.base/java.lang.invoke=ALL-UNNAMED --add-opens=java.prefs/java.util.prefs=ALL-UNNAMED --add-exports=jdk.compiler/com.sun.tools.javac.api=ALL-UNNAMED --add-exports=jdk.compiler/com.sun.tools.javac.util=ALL-UNNAMED --add-opens=java.base/java.nio.charset=ALL-UNNAMED --add-opens=java.base/java.net=ALL-UNNAMED --add-opens=java.base/java.util.concurrent.atomic=ALL-UNNAMED -Xmx2048m -Dfile.encoding=UTF-8 -Duser.country=419 -Duser.language=es -Duser.variant -javaagent:C:\Users\welcome\.gradle\wrapper\dists\gradle-8.10.2-bin\a04bxjujx95o3nb99gddekhwo\gradle-8.10.2\lib\agents\gradle-instrumentation-agent-8.10.2.jar 
java_command: org.gradle.launcher.daemon.bootstrap.GradleDaemon 8.10.2
java_class_path (initial): C:\Users\welcome\.gradle\wrapper\dists\gradle-8.10.2-bin\a04bxjujx95o3nb99gddekhwo\gradle-8.10.2\lib\gradle-daemon-main-8.10.2.jar
Launcher Type: SUN_STANDARD

[Global flags]
     intx CICompilerCount                          = 4                                         {product} {ergonomic}
     uint ConcGCThreads                            = 2                                         {product} {ergonomic}
     uint G1ConcRefinementThreads                  = 8                                         {product} {ergonomic}
   size_t G1HeapRegionSize                         = 1048576                                   {product} {ergonomic}
    uintx GCDrainStackTargetSize                   = 64                                        {product} {ergonomic}
   size_t InitialHeapSize                          = 125829120                                 {product} {ergonomic}
   size_t MarkStackSize                            = 4194304                                   {product} {ergonomic}
   size_t MaxHeapSize                              = 2147483648                                {product} {command line}
   size_t MaxNewSize                               = 1287651328                                {product} {ergonomic}
   size_t MinHeapDeltaBytes                        = 1048576                                   {product} {ergonomic}
   size_t MinHeapSize                              = 8388608                                   {product} {ergonomic}
    uintx NonNMethodCodeHeapSize                   = 5839372                                {pd product} {ergonomic}
    uintx NonProfiledCodeHeapSize                  = 122909434                              {pd product} {ergonomic}
    uintx ProfiledCodeHeapSize                     = 122909434                              {pd product} {ergonomic}
    uintx ReservedCodeCacheSize                    = 251658240                              {pd product} {ergonomic}
     bool SegmentedCodeCache                       = true                                      {product} {ergonomic}
   size_t SoftMaxHeapSize                          = 2147483648                             {manageable} {ergonomic}
     bool UseCompressedOops                        = true                           {product lp64_product} {ergonomic}
     bool UseG1GC                                  = true                                      {product} {ergonomic}
     bool UseLargePagesIndividualAllocation        = false                                  {pd product} {ergonomic}

Logging:
Log output configuration:
 #0: stdout all=warning uptime,level,tags foldmultilines=false
 #1: stderr all=off uptime,level,tags foldmultilines=false

Environment Variables:
PATH=C:\Windows\system32;C:\Windows;C:\Windows\System32\Wbem;C:\Windows\System32\WindowsPowerShell\v1.0\;C:\Windows\System32\OpenSSH\;C:\Program Files\nodejs\;C:\ProgramData\chocolatey\bin;C:\Program Files\Git\cmd;C:\Users\welcome\AppData\Local\Android\Sdk\platform-tools;C:\Users\welcome\AppData\Local\Android\Sdk\cmdline-tools\latest\bin;C:\Users\welcome\AppData\Local\Microsoft\WindowsApps;C:\Users\welcome\AppData\Local\Programs\Microsoft VS Code\bin;C:\Users\welcome\AppData\Roaming\npm
USERNAME=welcome
OS=Windows_NT
PROCESSOR_IDENTIFIER=Intel64 Family 6 Model 142 Stepping 10, GenuineIntel
TMP=C:\Users\welcome\AppData\Local\Temp
TEMP=C:\Users\welcome\AppData\Local\Temp




Periodic native trim disabled

JNI global refs:
JNI global refs: 30, weak refs: 32

JNI global refs memory usage: 835, weak refs: 833

Process memory usage:
Resident Set Size: 328840K (4% of 7785684K total physical memory with 554528K free physical memory)

OOME stack traces (most recent first):
Classloader memory used:
Loader org.gradle.internal.classloader.VisitableURLClassLoader                         : 30547K
Loader bootstrap                                                                       : 22753K
Loader org.gradle.initialization.MixInLegacyTypesClassLoader                           : 9030K
Loader jdk.internal.loader.ClassLoaders$PlatformClassLoader                            : 540K
Loader jdk.internal.loader.ClassLoaders$AppClassLoader                                 : 232K
Loader org.gradle.groovy.scripts.internal.DefaultScriptCompilationHandler$ScriptClassLoader: 60536B
Loader jdk.internal.reflect.DelegatingClassLoader                                      : 34008B
Loader org.codehaus.groovy.runtime.callsite.CallSiteClassLoader                        : 13296B

Classes loaded by more than one classloader:
Class settings_5ev3fqlnmc7ep4bo5iy0t5x00$_run_closure1$_closure2                      : loaded 2 times (x 135B)
Class org.gradle.internal.classloader.FilteringClassLoader                            : loaded 2 times (x 101B)
Class org.gradle.internal.classloader.ClassLoaderHierarchy                            : loaded 2 times (x 66B)
Class org.gradle.api.internal.classpath.ManifestUtil                                  : loaded 2 times (x 67B)
Class org.gradle.internal.classloader.DefaultClassLoaderFactory                       : loaded 2 times (x 78B)
Class org.gradle.internal.classloader.ClassLoaderVisitor                              : loaded 2 times (x 72B)
Class org.gradle.api.internal.classpath.EffectiveClassPath                            : loaded 2 times (x 86B)
Class org.gradle.api.internal.DefaultClassPathProvider                                : loaded 2 times (x 72B)
Class [Lorg.gradle.api.internal.ClassPathProvider;                                    : loaded 2 times (x 65B)
Class org.gradle.api.internal.ClassPathProvider                                       : loaded 2 times (x 66B)
Class org.gradle.internal.service.UnknownServiceException                             : loaded 2 times (x 79B)
Class settings_5ev3fqlnmc7ep4bo5iy0t5x00$_run_closure1                                : loaded 2 times (x 135B)
Class org.gradle.internal.classpath.TransformedClassPath                              : loaded 2 times (x 92B)
Class org.gradle.internal.classloader.InstrumentingClassLoader                        : loaded 2 times (x 66B)
Class org.gradle.internal.service.ServiceLocator                                      : loaded 2 times (x 66B)
Class org.gradle.internal.InternalTransformer                                         : loaded 2 times (x 66B)
Class org.gradle.internal.classloader.ClasspathUtil$1                                 : loaded 2 times (x 72B)
Class org.gradle.api.internal.classpath.DefaultModuleRegistry$DefaultModule           : loaded 2 times (x 82B)
Class org.gradle.api.internal.classpath.Module                                        : loaded 2 times (x 66B)
Class org.gradle.api.internal.classpath.UnknownModuleException                        : loaded 2 times (x 78B)
Class org.gradle.api.internal.DefaultClassPathRegistry                                : loaded 2 times (x 72B)
Class org.gradle.api.internal.ClassPathRegistry                                       : loaded 2 times (x 66B)
Class org.gradle.internal.classpath.DefaultClassPath$ImmutableUniqueList              : loaded 2 times (x 195B)
Class org.gradle.internal.classpath.ClassPath                                         : loaded 2 times (x 66B)
Class org.gradle.api.UncheckedIOException                                             : loaded 2 times (x 78B)
Class org.gradle.internal.installation.GradleInstallation$1                           : loaded 2 times (x 71B)
Class org.gradle.api.internal.classpath.ModuleRegistry                                : loaded 2 times (x 66B)
Class org.gradle.api.internal.classpath.DefaultModuleRegistry                         : loaded 2 times (x 82B)
Class org.gradle.internal.service.ServiceLookupException                              : loaded 2 times (x 78B)
Class org.gradle.internal.classloader.ClassLoaderFactory                              : loaded 2 times (x 66B)
Class org.gradle.internal.service.CachingServiceLocator                               : loaded 2 times (x 78B)
Class settings_5ev3fqlnmc7ep4bo5iy0t5x00                                              : loaded 2 times (x 175B)
Class org.gradle.internal.classloader.ClasspathUtil                                   : loaded 2 times (x 67B)
Class org.gradle.api.specs.Spec                                                       : loaded 2 times (x 66B)
Class org.gradle.internal.classloader.VisitableURLClassLoader$InstrumentingVisitableURLClassLoader: loaded 2 times (x 119B)
Class org.gradle.internal.classloader.VisitableURLClassLoader$Spec                    : loaded 2 times (x 70B)
Class org.gradle.internal.classpath.DefaultClassPath                                  : loaded 2 times (x 86B)
Class org.gradle.internal.classloader.ClassLoaderSpec                                 : loaded 2 times (x 67B)
Class org.gradle.internal.classloader.VisitableURLClassLoader                         : loaded 2 times (x 113B)
Class org.gradle.internal.Cast                                                        : loaded 2 times (x 67B)
Class org.gradle.api.Action                                                           : loaded 2 times (x 66B)
Class org.gradle.internal.classpath.DefaultClassPath$ImmutableUniqueList$Builder      : loaded 2 times (x 71B)
Class org.gradle.api.GradleException                                                  : loaded 2 times (x 78B)
Class org.gradle.internal.IoActions                                                   : loaded 2 times (x 67B)
Class org.gradle.internal.classloader.SystemClassLoaderSpec                           : loaded 2 times (x 67B)
Class org.gradle.api.internal.classpath.GlobalCacheRootsProvider                      : loaded 2 times (x 66B)
Class org.gradle.internal.installation.CurrentGradleInstallationLocator               : loaded 2 times (x 67B)
Class org.gradle.internal.service.DefaultServiceLocator                               : loaded 2 times (x 79B)
Class org.gradle.internal.installation.CurrentGradleInstallation                      : loaded 2 times (x 69B)
Class org.gradle.util.internal.GUtil                                                  : loaded 2 times (x 67B)
Class org.gradle.internal.installation.GradleInstallation                             : loaded 2 times (x 71B)

---------------  S Y S T E M  ---------------

OS:
 Windows 10 , 64 bit Build 19041 (10.0.19041.928)
OS uptime: 0 days 0:32 hours

CPU: total 8 (initial active 8) (4 cores per cpu, 2 threads per core) family 6 model 142 stepping 10 microcode 0xf0, cx8, cmov, fxsr, ht, mmx, 3dnowpref, sse, sse2, sse3, ssse3, sse4.1, sse4.2, popcnt, lzcnt, tsc, tscinvbit, avx, avx2, aes, erms, clmul, bmi1, bmi2, adx, fma, vzeroupper, clflush, clflushopt, rdtscp, f16c
Processor Information for all 8 processors :
  Max Mhz: 1800, Current Mhz: 1600, Mhz Limit: 1584

Memory: 4k page, system-wide physical 7603M (541M free)
TotalPageFile size 7603M (AvailPageFile size 21M)
current process WorkingSet (physical memory assigned to process): 321M, peak: 322M
current process commit charge ("private bytes"): 359M, peak: 364M

vm_info: OpenJDK 64-Bit Server VM (21.0.4+-12508038-b607.1) for windows-amd64 JRE (21.0.4+-12508038-b607.1), built on 2024-10-16T17:23:34Z by "builder" with MS VC++ 16.10 / 16.11 (VS2019)

END.
