#
# There is insufficient memory for the Java Runtime Environment to continue.
# Native memory allocation (mmap) failed to map 27262976 bytes. Error detail: G1 virtual space
# Possible reasons:
#   The system is out of physical RAM or swap space
#   This process is running with CompressedOops enabled, and the Java Heap may be blocking the growth of the native heap
# Possible solutions:
#   Reduce memory load on the system
#   Increase physical memory or swap space
#   Check if swap backing store is full
#   Decrease Java heap size (-Xmx/-Xms)
#   Decrease number of Java threads
#   Decrease Java thread stack sizes (-Xss)
#   Set larger code cache with -XX:ReservedCodeCacheSize=
#   JVM is running with Unscaled Compressed Oops mode in which the Java heap is
#     placed in the first 4GB address space. The Java Heap base address is the
#     maximum limit for the native heap growth. Please use -XX:HeapBaseMinAddress
#     to set the Java Heap base and to place the Java Heap above 4GB virtual address.
# This output file may be truncated or incomplete.
#
#  Out of Memory Error (os_windows.cpp:3828), pid=3688, tid=8444
#
# JRE version: OpenJDK Runtime Environment (21.0.4) (build 21.0.4+-12508038-b607.1)
# Java VM: OpenJDK 64-Bit Server VM (21.0.4+-12508038-b607.1, mixed mode, tiered, compressed oops, compressed class ptrs, g1 gc, windows-amd64)
# No core dump will be written. Minidumps are not enabled by default on client versions of Windows
#

---------------  S U M M A R Y ------------

Command Line: --add-opens=java.base/java.util=ALL-UNNAMED --add-opens=java.base/java.lang=ALL-UNNAMED --add-opens=java.base/java.lang.invoke=ALL-UNNAMED --add-opens=java.prefs/java.util.prefs=ALL-UNNAMED --add-exports=jdk.compiler/com.sun.tools.javac.api=ALL-UNNAMED --add-exports=jdk.compiler/com.sun.tools.javac.util=ALL-UNNAMED --add-opens=java.base/java.nio.charset=ALL-UNNAMED --add-opens=java.base/java.net=ALL-UNNAMED --add-opens=java.base/java.util.concurrent.atomic=ALL-UNNAMED -Xmx2048m -Dfile.encoding=UTF-8 -Duser.country=419 -Duser.language=es -Duser.variant -javaagent:C:\Users\welcome\.gradle\wrapper\dists\gradle-8.10.2-bin\a04bxjujx95o3nb99gddekhwo\gradle-8.10.2\lib\agents\gradle-instrumentation-agent-8.10.2.jar org.gradle.launcher.daemon.bootstrap.GradleDaemon 8.10.2

Host: Intel(R) Core(TM) i5-8250U CPU @ 1.60GHz, 8 cores, 7G,  Windows 10 , 64 bit Build 19041 (10.0.19041.928)
Time: Thu Feb 27 08:43:44 2025 Hora estándar romance elapsed time: 9.851049 seconds (0d 0h 0m 9s)

---------------  T H R E A D  ---------------

Current thread (0x000001e625ad6770):  VMThread "VM Thread"          [id=8444, stack(0x000000b191f00000,0x000000b192000000) (1024K)]

Stack: [0x000000b191f00000,0x000000b192000000]
Native frames: (J=compiled Java code, j=interpreted, Vv=VM code, C=native code)
V  [jvm.dll+0x6ce539]
V  [jvm.dll+0x85bf03]
V  [jvm.dll+0x85e45e]
V  [jvm.dll+0x85eb43]
V  [jvm.dll+0x27dd06]
V  [jvm.dll+0x6cada5]
V  [jvm.dll+0x6bf27a]
V  [jvm.dll+0x3541fb]
V  [jvm.dll+0x35be36]
V  [jvm.dll+0x3adbc6]
V  [jvm.dll+0x3ade98]
V  [jvm.dll+0x32691c]
V  [jvm.dll+0x3269a7]
V  [jvm.dll+0x36c78c]
V  [jvm.dll+0x36af3e]
V  [jvm.dll+0x326071]
V  [jvm.dll+0x36a650]
V  [jvm.dll+0x8648c8]
V  [jvm.dll+0x865c44]
V  [jvm.dll+0x866180]
V  [jvm.dll+0x866413]
V  [jvm.dll+0x804418]
V  [jvm.dll+0x6cce0d]
C  [ucrtbase.dll+0x21bb2]
C  [KERNEL32.DLL+0x17034]
C  [ntdll.dll+0x52651]

VM_Operation (0x000000b1939f49d0): G1CollectForAllocation, mode: safepoint, requested by thread 0x000001e62c181d10


---------------  P R O C E S S  ---------------

Threads class SMR info:
_java_thread_list=0x000001e62dbbd3b0, length=59, elements={
0x000001e60c1df590, 0x000001e62a044840, 0x000001e62a0488d0, 0x000001e62a049330,
0x000001e62a049d90, 0x000001e62a04a7f0, 0x000001e62a06a930, 0x000001e62a072fb0,
0x000001e62a074840, 0x000001e625a7b530, 0x000001e62a413080, 0x000001e62bf51270,
0x000001e62b162e00, 0x000001e62bf6ce10, 0x000001e62bf88a40, 0x000001e62c36f030,
0x000001e62bff9a90, 0x000001e62c181d10, 0x000001e62c183750, 0x000001e62c180960,
0x000001e62c182a30, 0x000001e62c1823a0, 0x000001e62c1830c0, 0x000001e62c1802d0,
0x000001e62c180ff0, 0x000001e62ca5e1f0, 0x000001e62ca5fc30, 0x000001e62ca5c120,
0x000001e62ca5ef10, 0x000001e62ca5ba90, 0x000001e62ca602c0, 0x000001e62ca599c0,
0x000001e62ca5ce40, 0x000001e62ca5ad70, 0x000001e62ca5e880, 0x000001e62ca60950,
0x000001e62ca5a050, 0x000001e62ca60fe0, 0x000001e62ca5f5a0, 0x000001e62ca5d4d0,
0x000001e62ca5a6e0, 0x000001e62ca5b400, 0x000001e6305669b0, 0x000001e630563530,
0x000001e630563bc0, 0x000001e630567040, 0x000001e630560dd0, 0x000001e630566320,
0x000001e630564250, 0x000001e630565600, 0x000001e630562ea0, 0x000001e630565c90,
0x000001e6305648e0, 0x000001e6305676d0, 0x000001e630560740, 0x000001e630567d60,
0x000001e630564f70, 0x000001e630561460, 0x000001e62a076380
}

Java Threads: ( => current thread )
  0x000001e60c1df590 JavaThread "main"                              [_thread_blocked, id=2992, stack(0x000000b191800000,0x000000b191900000) (1024K)]
  0x000001e62a044840 JavaThread "Reference Handler"          daemon [_thread_blocked, id=5456, stack(0x000000b192000000,0x000000b192100000) (1024K)]
  0x000001e62a0488d0 JavaThread "Finalizer"                  daemon [_thread_blocked, id=9148, stack(0x000000b192100000,0x000000b192200000) (1024K)]
  0x000001e62a049330 JavaThread "Signal Dispatcher"          daemon [_thread_blocked, id=9336, stack(0x000000b192200000,0x000000b192300000) (1024K)]
  0x000001e62a049d90 JavaThread "Attach Listener"            daemon [_thread_blocked, id=4188, stack(0x000000b192300000,0x000000b192400000) (1024K)]
  0x000001e62a04a7f0 JavaThread "Service Thread"             daemon [_thread_blocked, id=1156, stack(0x000000b192400000,0x000000b192500000) (1024K)]
  0x000001e62a06a930 JavaThread "Monitor Deflation Thread"   daemon [_thread_blocked, id=9344, stack(0x000000b192500000,0x000000b192600000) (1024K)]
  0x000001e62a072fb0 JavaThread "C2 CompilerThread0"         daemon [_thread_blocked, id=5444, stack(0x000000b192600000,0x000000b192700000) (1024K)]
  0x000001e62a074840 JavaThread "C1 CompilerThread0"         daemon [_thread_blocked, id=6392, stack(0x000000b192700000,0x000000b192800000) (1024K)]
  0x000001e625a7b530 JavaThread "Common-Cleaner"             daemon [_thread_blocked, id=5032, stack(0x000000b192800000,0x000000b192900000) (1024K)]
  0x000001e62a413080 JavaThread "Notification Thread"        daemon [_thread_blocked, id=3500, stack(0x000000b192900000,0x000000b192a00000) (1024K)]
  0x000001e62bf51270 JavaThread "Daemon health stats"               [_thread_blocked, id=3124, stack(0x000000b193300000,0x000000b193400000) (1024K)]
  0x000001e62b162e00 JavaThread "Incoming local TCP Connector on port 50255"        [_thread_in_native, id=3292, stack(0x000000b193400000,0x000000b193500000) (1024K)]
  0x000001e62bf6ce10 JavaThread "Daemon periodic checks"            [_thread_blocked, id=1876, stack(0x000000b193500000,0x000000b193600000) (1024K)]
  0x000001e62bf88a40 JavaThread "Daemon"                            [_thread_blocked, id=10228, stack(0x000000b193600000,0x000000b193700000) (1024K)]
  0x000001e62c36f030 JavaThread "Handler for socket connection from /127.0.0.1:50255 to /127.0.0.1:50256"        [_thread_in_native, id=8540, stack(0x000000b193700000,0x000000b193800000) (1024K)]
  0x000001e62bff9a90 JavaThread "Cancel handler"                    [_thread_blocked, id=1568, stack(0x000000b193800000,0x000000b193900000) (1024K)]
  0x000001e62c181d10 JavaThread "Daemon worker"                     [_thread_blocked, id=1560, stack(0x000000b193900000,0x000000b193a00000) (1024K)]
  0x000001e62c183750 JavaThread "Asynchronous log dispatcher for DefaultDaemonConnection: socket connection from /127.0.0.1:50255 to /127.0.0.1:50256"        [_thread_blocked, id=6460, stack(0x000000b193a00000,0x000000b193b00000) (1024K)]
  0x000001e62c180960 JavaThread "Stdin handler"                     [_thread_blocked, id=5000, stack(0x000000b193b00000,0x000000b193c00000) (1024K)]
  0x000001e62c182a30 JavaThread "Daemon client event forwarder"        [_thread_blocked, id=7892, stack(0x000000b193c00000,0x000000b193d00000) (1024K)]
  0x000001e62c1823a0 JavaThread "Cache worker for journal cache (C:\Users\welcome\.gradle\caches\journal-1)"        [_thread_blocked, id=4304, stack(0x000000b193e00000,0x000000b193f00000) (1024K)]
  0x000001e62c1830c0 JavaThread "File lock request listener"        [_thread_in_native, id=2176, stack(0x000000b193f00000,0x000000b194000000) (1024K)]
  0x000001e62c1802d0 JavaThread "Cache worker for file hash cache (C:\Users\welcome\.gradle\caches\8.10.2\fileHashes)"        [_thread_blocked, id=6836, stack(0x000000b194000000,0x000000b194100000) (1024K)]
  0x000001e62c180ff0 JavaThread "Cache worker for file hash cache (C:\juan\Android\MiPrimeraAplicacion\.gradle\8.10.2\fileHashes)"        [_thread_blocked, id=3952, stack(0x000000b194100000,0x000000b194200000) (1024K)]
  0x000001e62ca5e1f0 JavaThread "Cache worker for Build Output Cleanup Cache (C:\juan\Android\MiPrimeraAplicacion\.gradle\buildOutputCleanup)"        [_thread_blocked, id=7616, stack(0x000000b194200000,0x000000b194300000) (1024K)]
  0x000001e62ca5fc30 JavaThread "File watcher server"        daemon [_thread_in_native, id=5036, stack(0x000000b194300000,0x000000b194400000) (1024K)]
  0x000001e62ca5c120 JavaThread "File watcher consumer"      daemon [_thread_blocked, id=5620, stack(0x000000b194400000,0x000000b194500000) (1024K)]
  0x000001e62ca5ef10 JavaThread "jar transforms"                    [_thread_blocked, id=7716, stack(0x000000b194500000,0x000000b194600000) (1024K)]
  0x000001e62ca5ba90 JavaThread "jar transforms Thread 2"           [_thread_blocked, id=3680, stack(0x000000b194600000,0x000000b194700000) (1024K)]
  0x000001e62ca602c0 JavaThread "jar transforms Thread 3"           [_thread_blocked, id=7588, stack(0x000000b194700000,0x000000b194800000) (1024K)]
  0x000001e62ca599c0 JavaThread "jar transforms Thread 4"           [_thread_blocked, id=8332, stack(0x000000b194800000,0x000000b194900000) (1024K)]
  0x000001e62ca5ce40 JavaThread "jar transforms Thread 5"           [_thread_blocked, id=9508, stack(0x000000b194900000,0x000000b194a00000) (1024K)]
  0x000001e62ca5ad70 JavaThread "jar transforms Thread 6"           [_thread_blocked, id=3464, stack(0x000000b194a00000,0x000000b194b00000) (1024K)]
  0x000001e62ca5e880 JavaThread "jar transforms Thread 7"           [_thread_blocked, id=7248, stack(0x000000b194b00000,0x000000b194c00000) (1024K)]
  0x000001e62ca60950 JavaThread "jar transforms Thread 8"           [_thread_blocked, id=7004, stack(0x000000b194c00000,0x000000b194d00000) (1024K)]
  0x000001e62ca5a050 JavaThread "Cache worker for checksums cache (C:\juan\Android\MiPrimeraAplicacion\.gradle\8.10.2\checksums)"        [_thread_blocked, id=4468, stack(0x000000b194d00000,0x000000b194e00000) (1024K)]
  0x000001e62ca60fe0 JavaThread "Cache worker for file content cache (C:\Users\welcome\.gradle\caches\8.10.2\fileContent)"        [_thread_blocked, id=6528, stack(0x000000b194e00000,0x000000b194f00000) (1024K)]
  0x000001e62ca5f5a0 JavaThread "Cache worker for cache directory md-rule (C:\Users\welcome\.gradle\caches\8.10.2\md-rule)"        [_thread_blocked, id=9368, stack(0x000000b194f00000,0x000000b195000000) (1024K)]
  0x000001e62ca5d4d0 JavaThread "Cache worker for cache directory md-supplier (C:\Users\welcome\.gradle\caches\8.10.2\md-supplier)"        [_thread_blocked, id=6700, stack(0x000000b195000000,0x000000b195100000) (1024K)]
  0x000001e62ca5a6e0 JavaThread "Unconstrained build operations"        [_thread_blocked, id=6412, stack(0x000000b195100000,0x000000b195200000) (1024K)]
  0x000001e62ca5b400 JavaThread "Unconstrained build operations Thread 2"        [_thread_blocked, id=8356, stack(0x000000b195200000,0x000000b195300000) (1024K)]
  0x000001e6305669b0 JavaThread "Unconstrained build operations Thread 3"        [_thread_blocked, id=7740, stack(0x000000b195300000,0x000000b195400000) (1024K)]
  0x000001e630563530 JavaThread "Unconstrained build operations Thread 4"        [_thread_blocked, id=6828, stack(0x000000b195400000,0x000000b195500000) (1024K)]
  0x000001e630563bc0 JavaThread "Unconstrained build operations Thread 5"        [_thread_blocked, id=5612, stack(0x000000b192b00000,0x000000b192c00000) (1024K)]
  0x000001e630567040 JavaThread "Unconstrained build operations Thread 6"        [_thread_blocked, id=9916, stack(0x000000b195500000,0x000000b195600000) (1024K)]
  0x000001e630560dd0 JavaThread "Unconstrained build operations Thread 7"        [_thread_blocked, id=780, stack(0x000000b195600000,0x000000b195700000) (1024K)]
  0x000001e630566320 JavaThread "Unconstrained build operations Thread 8"        [_thread_blocked, id=7320, stack(0x000000b195700000,0x000000b195800000) (1024K)]
  0x000001e630564250 JavaThread "Unconstrained build operations Thread 9"        [_thread_blocked, id=9444, stack(0x000000b195800000,0x000000b195900000) (1024K)]
  0x000001e630565600 JavaThread "Unconstrained build operations Thread 10"        [_thread_blocked, id=8788, stack(0x000000b195900000,0x000000b195a00000) (1024K)]
  0x000001e630562ea0 JavaThread "Unconstrained build operations Thread 11"        [_thread_blocked, id=8480, stack(0x000000b195a00000,0x000000b195b00000) (1024K)]
  0x000001e630565c90 JavaThread "Unconstrained build operations Thread 12"        [_thread_blocked, id=9596, stack(0x000000b195b00000,0x000000b195c00000) (1024K)]
  0x000001e6305648e0 JavaThread "Unconstrained build operations Thread 13"        [_thread_blocked, id=9140, stack(0x000000b195c00000,0x000000b195d00000) (1024K)]
  0x000001e6305676d0 JavaThread "Unconstrained build operations Thread 14"        [_thread_blocked, id=6844, stack(0x000000b195d00000,0x000000b195e00000) (1024K)]
  0x000001e630560740 JavaThread "Unconstrained build operations Thread 15"        [_thread_blocked, id=5512, stack(0x000000b195e00000,0x000000b195f00000) (1024K)]
  0x000001e630567d60 JavaThread "Unconstrained build operations Thread 16"        [_thread_blocked, id=8340, stack(0x000000b195f00000,0x000000b196000000) (1024K)]
  0x000001e630564f70 JavaThread "Unconstrained build operations Thread 17"        [_thread_blocked, id=6688, stack(0x000000b196000000,0x000000b196100000) (1024K)]
  0x000001e630561460 JavaThread "Unconstrained build operations Thread 18"        [_thread_blocked, id=7696, stack(0x000000b196100000,0x000000b196200000) (1024K)]
  0x000001e62a076380 JavaThread "C2 CompilerThread1"         daemon [_thread_blocked, id=2208, stack(0x000000b192a00000,0x000000b192b00000) (1024K)]
Total: 59

Other Threads:
=>0x000001e625ad6770 VMThread "VM Thread"                           [id=8444, stack(0x000000b191f00000,0x000000b192000000) (1024K)]
  0x000001e625a7aa40 WatcherThread "VM Periodic Task Thread"        [id=3624, stack(0x000000b191e00000,0x000000b191f00000) (1024K)]
  0x000001e60e459770 WorkerThread "GC Thread#0"                     [id=3252, stack(0x000000b191900000,0x000000b191a00000) (1024K)]
  0x000001e62a940dc0 WorkerThread "GC Thread#1"                     [id=5116, stack(0x000000b192c00000,0x000000b192d00000) (1024K)]
  0x000001e62a8d0450 WorkerThread "GC Thread#2"                     [id=8488, stack(0x000000b192d00000,0x000000b192e00000) (1024K)]
  0x000001e62b4c4ee0 WorkerThread "GC Thread#3"                     [id=6120, stack(0x000000b192e00000,0x000000b192f00000) (1024K)]
  0x000001e62b0aa5f0 WorkerThread "GC Thread#4"                     [id=3160, stack(0x000000b192f00000,0x000000b193000000) (1024K)]
  0x000001e62be86250 WorkerThread "GC Thread#5"                     [id=4036, stack(0x000000b193000000,0x000000b193100000) (1024K)]
  0x000001e62be865f0 WorkerThread "GC Thread#6"                     [id=8988, stack(0x000000b193100000,0x000000b193200000) (1024K)]
  0x000001e62c05a060 WorkerThread "GC Thread#7"                     [id=1640, stack(0x000000b193200000,0x000000b193300000) (1024K)]
  0x000001e60e46a660 ConcurrentGCThread "G1 Main Marker"            [id=4836, stack(0x000000b191a00000,0x000000b191b00000) (1024K)]
  0x000001e60e46b1e0 WorkerThread "G1 Conc#0"                       [id=4056, stack(0x000000b191b00000,0x000000b191c00000) (1024K)]
  0x000001e62c059580 WorkerThread "G1 Conc#1"                       [id=2080, stack(0x000000b193d00000,0x000000b193e00000) (1024K)]
  0x000001e62594a500 ConcurrentGCThread "G1 Refine#0"               [id=2340, stack(0x000000b191c00000,0x000000b191d00000) (1024K)]
  0x000001e62594ae80 ConcurrentGCThread "G1 Service"                [id=1172, stack(0x000000b191d00000,0x000000b191e00000) (1024K)]
Total: 15

Threads with active compile tasks:
C2 CompilerThread0     9881 7139       4       groovyjarjarantlr4.v4.runtime.atn.PredictionContext::getCachedContext (297 bytes)
C1 CompilerThread0     9881 7156 %     3       groovyjarjarantlr4.v4.runtime.atn.LexerATNSimulator::getReachableConfigSet @ 77 (198 bytes)
C2 CompilerThread1     9881 7148       4       java.util.LinkedList::listIterator (15 bytes)
Total: 3

VM state: at safepoint (normal execution)

VM Mutex/Monitor currently owned by a thread:  ([mutex/lock_event])
[0x00007fff3d1972f8] Threads_lock - owner thread: 0x000001e625ad6770
[0x00007fff3d1973f8] Heap_lock - owner thread: 0x000001e62c181d10

Heap address: 0x0000000080000000, size: 2048 MB, Compressed Oops mode: 32-bit

CDS archive(s) not mapped
Compressed class space mapped at: 0x0000000100000000-0x0000000140000000, reserved size: 1073741824
Narrow klass base: 0x0000000000000000, Narrow klass shift: 3, Narrow klass range: 0x140000000

GC Precious Log:
 CardTable entry size: 512
 Card Set container configuration: InlinePtr #cards 5 size 8 Array Of Cards #cards 12 size 40 Howl #buckets 4 coarsen threshold 1843 Howl Bitmap #cards 512 size 80 coarsen threshold 460 Card regions per heap region 1 cards per card region 2048
 CPUs: 8 total, 8 available
 Memory: 7603M
 Large Page Support: Disabled
 NUMA Support: Disabled
 Compressed Oops: Enabled (32-bit)
 Heap Region Size: 1M
 Heap Min Capacity: 8M
 Heap Initial Capacity: 120M
 Heap Max Capacity: 2G
 Pre-touch: Disabled
 Parallel Workers: 8
 Concurrent Workers: 2
 Concurrent Refinement Workers: 8
 Periodic GC: Disabled

Heap:
 garbage-first heap   total 133120K, used 82291K [0x0000000080000000, 0x0000000100000000)
  region size 1024K, 4 young (4096K), 4 survivors (4096K)
 Metaspace       used 70553K, committed 72320K, reserved 1114112K
  class space    used 9654K, committed 10560K, reserved 1048576K

Heap Regions: E=young(eden), S=young(survivor), O=old, HS=humongous(starts), HC=humongous(continues), CS=collection set, F=free, TAMS=top-at-mark-start, PB=parsable bottom
|   0|0x0000000080000000, 0x0000000080100000, 0x0000000080100000|100%| O|  |TAMS 0x0000000080000000| PB 0x0000000080000000| Untracked 
|   1|0x0000000080100000, 0x0000000080200000, 0x0000000080200000|100%| O|  |TAMS 0x0000000080100000| PB 0x0000000080100000| Untracked 
|   2|0x0000000080200000, 0x0000000080300000, 0x0000000080300000|100%|HS|  |TAMS 0x0000000080200000| PB 0x0000000080200000| Complete 
|   3|0x0000000080300000, 0x0000000080400000, 0x0000000080400000|100%|HC|  |TAMS 0x0000000080300000| PB 0x0000000080300000| Complete 
|   4|0x0000000080400000, 0x0000000080500000, 0x0000000080500000|100%|HC|  |TAMS 0x0000000080400000| PB 0x0000000080400000| Complete 
|   5|0x0000000080500000, 0x0000000080600000, 0x0000000080600000|100%|HC|  |TAMS 0x0000000080500000| PB 0x0000000080500000| Complete 
|   6|0x0000000080600000, 0x0000000080700000, 0x0000000080700000|100%| O|  |TAMS 0x0000000080600000| PB 0x0000000080600000| Untracked 
|   7|0x0000000080700000, 0x0000000080800000, 0x0000000080800000|100%| O|  |TAMS 0x0000000080700000| PB 0x0000000080700000| Untracked 
|   8|0x0000000080800000, 0x0000000080900000, 0x0000000080900000|100%| O|  |TAMS 0x0000000080800000| PB 0x0000000080800000| Untracked 
|   9|0x0000000080900000, 0x0000000080a00000, 0x0000000080a00000|100%|HS|  |TAMS 0x0000000080900000| PB 0x0000000080900000| Complete 
|  10|0x0000000080a00000, 0x0000000080b00000, 0x0000000080b00000|100%| O|  |TAMS 0x0000000080a00000| PB 0x0000000080a00000| Untracked 
|  11|0x0000000080b00000, 0x0000000080c00000, 0x0000000080c00000|100%| O|  |TAMS 0x0000000080b00000| PB 0x0000000080b00000| Untracked 
|  12|0x0000000080c00000, 0x0000000080d00000, 0x0000000080d00000|100%| O|  |TAMS 0x0000000080c00000| PB 0x0000000080c00000| Untracked 
|  13|0x0000000080d00000, 0x0000000080e00000, 0x0000000080e00000|100%| O|  |TAMS 0x0000000080d00000| PB 0x0000000080d00000| Untracked 
|  14|0x0000000080e00000, 0x0000000080f00000, 0x0000000080f00000|100%| O|  |TAMS 0x0000000080e00000| PB 0x0000000080e00000| Untracked 
|  15|0x0000000080f00000, 0x0000000081000000, 0x0000000081000000|100%| O|  |TAMS 0x0000000080f00000| PB 0x0000000080f00000| Untracked 
|  16|0x0000000081000000, 0x0000000081100000, 0x0000000081100000|100%| O|  |TAMS 0x0000000081000000| PB 0x0000000081000000| Untracked 
|  17|0x0000000081100000, 0x0000000081200000, 0x0000000081200000|100%| O|  |TAMS 0x0000000081100000| PB 0x0000000081100000| Untracked 
|  18|0x0000000081200000, 0x0000000081300000, 0x0000000081300000|100%| O|  |TAMS 0x0000000081200000| PB 0x0000000081200000| Untracked 
|  19|0x0000000081300000, 0x0000000081400000, 0x0000000081400000|100%|HS|  |TAMS 0x0000000081300000| PB 0x0000000081300000| Complete 
|  20|0x0000000081400000, 0x0000000081500000, 0x0000000081500000|100%|HC|  |TAMS 0x0000000081400000| PB 0x0000000081400000| Complete 
|  21|0x0000000081500000, 0x0000000081600000, 0x0000000081600000|100%|HC|  |TAMS 0x0000000081500000| PB 0x0000000081500000| Complete 
|  22|0x0000000081600000, 0x0000000081700000, 0x0000000081700000|100%|HC|  |TAMS 0x0000000081600000| PB 0x0000000081600000| Complete 
|  23|0x0000000081700000, 0x0000000081800000, 0x0000000081800000|100%|HC|  |TAMS 0x0000000081700000| PB 0x0000000081700000| Complete 
|  24|0x0000000081800000, 0x0000000081900000, 0x0000000081900000|100%|HC|  |TAMS 0x0000000081800000| PB 0x0000000081800000| Complete 
|  25|0x0000000081900000, 0x0000000081a00000, 0x0000000081a00000|100%| O|  |TAMS 0x0000000081900000| PB 0x0000000081900000| Untracked 
|  26|0x0000000081a00000, 0x0000000081b00000, 0x0000000081b00000|100%| O|  |TAMS 0x0000000081a00000| PB 0x0000000081a00000| Untracked 
|  27|0x0000000081b00000, 0x0000000081c00000, 0x0000000081c00000|100%| O|  |TAMS 0x0000000081b00000| PB 0x0000000081b00000| Untracked 
|  28|0x0000000081c00000, 0x0000000081d00000, 0x0000000081d00000|100%| O|  |TAMS 0x0000000081c00000| PB 0x0000000081c00000| Untracked 
|  29|0x0000000081d00000, 0x0000000081e00000, 0x0000000081e00000|100%| O|  |TAMS 0x0000000081d00000| PB 0x0000000081d00000| Untracked 
|  30|0x0000000081e00000, 0x0000000081f00000, 0x0000000081f00000|100%|HS|  |TAMS 0x0000000081e00000| PB 0x0000000081e00000| Complete 
|  31|0x0000000081f00000, 0x0000000082000000, 0x0000000082000000|100%|HC|  |TAMS 0x0000000081f00000| PB 0x0000000081f00000| Complete 
|  32|0x0000000082000000, 0x0000000082100000, 0x0000000082100000|100%|HC|  |TAMS 0x0000000082000000| PB 0x0000000082000000| Complete 
|  33|0x0000000082100000, 0x0000000082200000, 0x0000000082200000|100%|HS|  |TAMS 0x0000000082100000| PB 0x0000000082100000| Complete 
|  34|0x0000000082200000, 0x0000000082300000, 0x0000000082300000|100%|HC|  |TAMS 0x0000000082200000| PB 0x0000000082200000| Complete 
|  35|0x0000000082300000, 0x0000000082400000, 0x0000000082400000|100%| O|  |TAMS 0x0000000082300000| PB 0x0000000082300000| Untracked 
|  36|0x0000000082400000, 0x0000000082500000, 0x0000000082500000|100%|HS|  |TAMS 0x0000000082400000| PB 0x0000000082400000| Complete 
|  37|0x0000000082500000, 0x0000000082600000, 0x0000000082600000|100%| O|  |TAMS 0x0000000082500000| PB 0x0000000082500000| Untracked 
|  38|0x0000000082600000, 0x0000000082700000, 0x0000000082700000|100%| O|  |TAMS 0x0000000082600000| PB 0x0000000082600000| Untracked 
|  39|0x0000000082700000, 0x0000000082800000, 0x0000000082800000|100%| O|  |TAMS 0x0000000082700000| PB 0x0000000082700000| Untracked 
|  40|0x0000000082800000, 0x0000000082900000, 0x0000000082900000|100%| O|  |TAMS 0x0000000082800000| PB 0x0000000082800000| Untracked 
|  41|0x0000000082900000, 0x0000000082a00000, 0x0000000082a00000|100%| O|  |TAMS 0x0000000082900000| PB 0x0000000082900000| Untracked 
|  42|0x0000000082a00000, 0x0000000082b00000, 0x0000000082b00000|100%| O|  |TAMS 0x0000000082a00000| PB 0x0000000082a00000| Untracked 
|  43|0x0000000082b00000, 0x0000000082c00000, 0x0000000082c00000|100%| O|  |TAMS 0x0000000082b00000| PB 0x0000000082b00000| Untracked 
|  44|0x0000000082c00000, 0x0000000082d00000, 0x0000000082d00000|100%| O|  |TAMS 0x0000000082c00000| PB 0x0000000082c00000| Untracked 
|  45|0x0000000082d00000, 0x0000000082e00000, 0x0000000082e00000|100%| O|  |TAMS 0x0000000082d00000| PB 0x0000000082d00000| Untracked 
|  46|0x0000000082e00000, 0x0000000082f00000, 0x0000000082f00000|100%| O|  |TAMS 0x0000000082e00000| PB 0x0000000082e00000| Untracked 
|  47|0x0000000082f00000, 0x0000000083000000, 0x0000000083000000|100%|HS|  |TAMS 0x0000000082f00000| PB 0x0000000082f00000| Complete 
|  48|0x0000000083000000, 0x0000000083100000, 0x0000000083100000|100%|HC|  |TAMS 0x0000000083000000| PB 0x0000000083000000| Complete 
|  49|0x0000000083100000, 0x0000000083200000, 0x0000000083200000|100%| O|  |TAMS 0x0000000083100000| PB 0x0000000083100000| Untracked 
|  50|0x0000000083200000, 0x0000000083300000, 0x0000000083300000|100%| O|  |TAMS 0x0000000083200000| PB 0x0000000083200000| Untracked 
|  51|0x0000000083300000, 0x0000000083400000, 0x0000000083400000|100%| O|  |TAMS 0x0000000083300000| PB 0x0000000083300000| Untracked 
|  52|0x0000000083400000, 0x0000000083500000, 0x0000000083500000|100%| O|  |TAMS 0x0000000083400000| PB 0x0000000083400000| Untracked 
|  53|0x0000000083500000, 0x0000000083600000, 0x0000000083600000|100%| O|  |TAMS 0x0000000083500000| PB 0x0000000083500000| Untracked 
|  54|0x0000000083600000, 0x0000000083700000, 0x0000000083700000|100%| O|  |TAMS 0x0000000083600000| PB 0x0000000083600000| Untracked 
|  55|0x0000000083700000, 0x0000000083700000, 0x0000000083800000|  0%| F|  |TAMS 0x0000000083700000| PB 0x0000000083700000| Untracked 
|  56|0x0000000083800000, 0x0000000083900000, 0x0000000083900000|100%| O|  |TAMS 0x0000000083800000| PB 0x0000000083800000| Untracked 
|  57|0x0000000083900000, 0x0000000083a00000, 0x0000000083a00000|100%| O|  |TAMS 0x0000000083900000| PB 0x0000000083900000| Untracked 
|  58|0x0000000083a00000, 0x0000000083b00000, 0x0000000083b00000|100%| O|  |TAMS 0x0000000083a00000| PB 0x0000000083a00000| Untracked 
|  59|0x0000000083b00000, 0x0000000083b00000, 0x0000000083c00000|  0%| F|  |TAMS 0x0000000083b00000| PB 0x0000000083b00000| Untracked 
|  60|0x0000000083c00000, 0x0000000083d00000, 0x0000000083d00000|100%|HS|  |TAMS 0x0000000083c00000| PB 0x0000000083c00000| Complete 
|  61|0x0000000083d00000, 0x0000000083e00000, 0x0000000083e00000|100%|HC|  |TAMS 0x0000000083d00000| PB 0x0000000083d00000| Complete 
|  62|0x0000000083e00000, 0x0000000083f00000, 0x0000000083f00000|100%|HC|  |TAMS 0x0000000083e00000| PB 0x0000000083e00000| Complete 
|  63|0x0000000083f00000, 0x0000000084000000, 0x0000000084000000|100%|HC|  |TAMS 0x0000000083f00000| PB 0x0000000083f00000| Complete 
|  64|0x0000000084000000, 0x0000000084100000, 0x0000000084100000|100%|HC|  |TAMS 0x0000000084000000| PB 0x0000000084000000| Complete 
|  65|0x0000000084100000, 0x0000000084200000, 0x0000000084200000|100%|HC|  |TAMS 0x0000000084100000| PB 0x0000000084100000| Complete 
|  66|0x0000000084200000, 0x0000000084300000, 0x0000000084300000|100%|HS|  |TAMS 0x0000000084200000| PB 0x0000000084200000| Complete 
|  67|0x0000000084300000, 0x0000000084400000, 0x0000000084400000|100%|HC|  |TAMS 0x0000000084300000| PB 0x0000000084300000| Complete 
|  68|0x0000000084400000, 0x0000000084500000, 0x0000000084500000|100%|HC|  |TAMS 0x0000000084400000| PB 0x0000000084400000| Complete 
|  69|0x0000000084500000, 0x0000000084600000, 0x0000000084600000|100%|HC|  |TAMS 0x0000000084500000| PB 0x0000000084500000| Complete 
|  70|0x0000000084600000, 0x0000000084700000, 0x0000000084700000|100%|HC|  |TAMS 0x0000000084600000| PB 0x0000000084600000| Complete 
|  71|0x0000000084700000, 0x0000000084800000, 0x0000000084800000|100%|HC|  |TAMS 0x0000000084700000| PB 0x0000000084700000| Complete 
|  72|0x0000000084800000, 0x0000000084900000, 0x0000000084900000|100%| O|  |TAMS 0x0000000084800000| PB 0x0000000084800000| Untracked 
|  73|0x0000000084900000, 0x0000000084a00000, 0x0000000084a00000|100%| O|  |TAMS 0x0000000084900000| PB 0x0000000084900000| Untracked 
|  74|0x0000000084a00000, 0x0000000084b00000, 0x0000000084b00000|100%| O|  |TAMS 0x0000000084a00000| PB 0x0000000084a00000| Untracked 
|  75|0x0000000084b00000, 0x0000000084c00000, 0x0000000084c00000|100%| O|  |TAMS 0x0000000084b00000| PB 0x0000000084b00000| Untracked 
|  76|0x0000000084c00000, 0x0000000084cc0730, 0x0000000084d00000| 75%| O|  |TAMS 0x0000000084c00000| PB 0x0000000084c00000| Untracked 
|  77|0x0000000084d00000, 0x0000000084d00000, 0x0000000084e00000|  0%| F|  |TAMS 0x0000000084d00000| PB 0x0000000084d00000| Untracked 
|  78|0x0000000084e00000, 0x0000000084e00000, 0x0000000084f00000|  0%| F|  |TAMS 0x0000000084e00000| PB 0x0000000084e00000| Untracked 
|  79|0x0000000084f00000, 0x0000000084f00000, 0x0000000085000000|  0%| F|  |TAMS 0x0000000084f00000| PB 0x0000000084f00000| Untracked 
|  80|0x0000000085000000, 0x0000000085000000, 0x0000000085100000|  0%| F|  |TAMS 0x0000000085000000| PB 0x0000000085000000| Untracked 
|  81|0x0000000085100000, 0x0000000085100000, 0x0000000085200000|  0%| F|  |TAMS 0x0000000085100000| PB 0x0000000085100000| Untracked 
|  82|0x0000000085200000, 0x0000000085200000, 0x0000000085300000|  0%| F|  |TAMS 0x0000000085200000| PB 0x0000000085200000| Untracked 
|  83|0x0000000085300000, 0x0000000085300000, 0x0000000085400000|  0%| F|  |TAMS 0x0000000085300000| PB 0x0000000085300000| Untracked 
|  84|0x0000000085400000, 0x0000000085400000, 0x0000000085500000|  0%| F|  |TAMS 0x0000000085400000| PB 0x0000000085400000| Untracked 
|  85|0x0000000085500000, 0x0000000085500000, 0x0000000085600000|  0%| F|  |TAMS 0x0000000085500000| PB 0x0000000085500000| Untracked 
|  86|0x0000000085600000, 0x0000000085600000, 0x0000000085700000|  0%| F|  |TAMS 0x0000000085600000| PB 0x0000000085600000| Untracked 
|  87|0x0000000085700000, 0x000000008579c780, 0x0000000085800000| 61%| S|CS|TAMS 0x0000000085700000| PB 0x0000000085700000| Complete 
|  88|0x0000000085800000, 0x0000000085900000, 0x0000000085900000|100%| S|CS|TAMS 0x0000000085800000| PB 0x0000000085800000| Complete 
|  89|0x0000000085900000, 0x0000000085a00000, 0x0000000085a00000|100%| S|CS|TAMS 0x0000000085900000| PB 0x0000000085900000| Complete 
|  90|0x0000000085a00000, 0x0000000085b00000, 0x0000000085b00000|100%| S|CS|TAMS 0x0000000085a00000| PB 0x0000000085a00000| Complete 
|  91|0x0000000085b00000, 0x0000000085b00000, 0x0000000085c00000|  0%| F|  |TAMS 0x0000000085b00000| PB 0x0000000085b00000| Untracked 
|  92|0x0000000085c00000, 0x0000000085c00000, 0x0000000085d00000|  0%| F|  |TAMS 0x0000000085c00000| PB 0x0000000085c00000| Untracked 
|  93|0x0000000085d00000, 0x0000000085d00000, 0x0000000085e00000|  0%| F|  |TAMS 0x0000000085d00000| PB 0x0000000085d00000| Untracked 
|  94|0x0000000085e00000, 0x0000000085e00000, 0x0000000085f00000|  0%| F|  |TAMS 0x0000000085e00000| PB 0x0000000085e00000| Untracked 
|  95|0x0000000085f00000, 0x0000000085f00000, 0x0000000086000000|  0%| F|  |TAMS 0x0000000085f00000| PB 0x0000000085f00000| Untracked 
|  96|0x0000000086000000, 0x0000000086000000, 0x0000000086100000|  0%| F|  |TAMS 0x0000000086000000| PB 0x0000000086000000| Untracked 
|  97|0x0000000086100000, 0x0000000086100000, 0x0000000086200000|  0%| F|  |TAMS 0x0000000086100000| PB 0x0000000086100000| Untracked 
|  98|0x0000000086200000, 0x0000000086200000, 0x0000000086300000|  0%| F|  |TAMS 0x0000000086200000| PB 0x0000000086200000| Untracked 
|  99|0x0000000086300000, 0x0000000086300000, 0x0000000086400000|  0%| F|  |TAMS 0x0000000086300000| PB 0x0000000086300000| Untracked 
| 100|0x0000000086400000, 0x0000000086400000, 0x0000000086500000|  0%| F|  |TAMS 0x0000000086400000| PB 0x0000000086400000| Untracked 
| 101|0x0000000086500000, 0x0000000086500000, 0x0000000086600000|  0%| F|  |TAMS 0x0000000086500000| PB 0x0000000086500000| Untracked 
| 102|0x0000000086600000, 0x0000000086600000, 0x0000000086700000|  0%| F|  |TAMS 0x0000000086600000| PB 0x0000000086600000| Untracked 
| 103|0x0000000086700000, 0x0000000086700000, 0x0000000086800000|  0%| F|  |TAMS 0x0000000086700000| PB 0x0000000086700000| Untracked 
| 104|0x0000000086800000, 0x0000000086800000, 0x0000000086900000|  0%| F|  |TAMS 0x0000000086800000| PB 0x0000000086800000| Untracked 
| 105|0x0000000086900000, 0x0000000086900000, 0x0000000086a00000|  0%| F|  |TAMS 0x0000000086900000| PB 0x0000000086900000| Untracked 
| 106|0x0000000086a00000, 0x0000000086a00000, 0x0000000086b00000|  0%| F|  |TAMS 0x0000000086a00000| PB 0x0000000086a00000| Untracked 
| 107|0x0000000086b00000, 0x0000000086b00000, 0x0000000086c00000|  0%| F|  |TAMS 0x0000000086b00000| PB 0x0000000086b00000| Untracked 
| 108|0x0000000086c00000, 0x0000000086c00000, 0x0000000086d00000|  0%| F|  |TAMS 0x0000000086c00000| PB 0x0000000086c00000| Untracked 
| 109|0x0000000086d00000, 0x0000000086d00000, 0x0000000086e00000|  0%| F|  |TAMS 0x0000000086d00000| PB 0x0000000086d00000| Untracked 
| 110|0x0000000086e00000, 0x0000000086e00000, 0x0000000086f00000|  0%| F|  |TAMS 0x0000000086e00000| PB 0x0000000086e00000| Untracked 
| 111|0x0000000086f00000, 0x0000000086f00000, 0x0000000087000000|  0%| F|  |TAMS 0x0000000086f00000| PB 0x0000000086f00000| Untracked 
| 112|0x0000000087000000, 0x0000000087000000, 0x0000000087100000|  0%| F|  |TAMS 0x0000000087000000| PB 0x0000000087000000| Untracked 
| 113|0x0000000087100000, 0x0000000087100000, 0x0000000087200000|  0%| F|  |TAMS 0x0000000087100000| PB 0x0000000087100000| Untracked 
| 114|0x0000000087200000, 0x0000000087200000, 0x0000000087300000|  0%| F|  |TAMS 0x0000000087200000| PB 0x0000000087200000| Untracked 
| 115|0x0000000087300000, 0x0000000087300000, 0x0000000087400000|  0%| F|  |TAMS 0x0000000087300000| PB 0x0000000087300000| Untracked 
| 116|0x0000000087400000, 0x0000000087400000, 0x0000000087500000|  0%| F|  |TAMS 0x0000000087400000| PB 0x0000000087400000| Untracked 
| 117|0x0000000087500000, 0x0000000087500000, 0x0000000087600000|  0%| F|  |TAMS 0x0000000087500000| PB 0x0000000087500000| Untracked 
| 118|0x0000000087600000, 0x0000000087600000, 0x0000000087700000|  0%| F|  |TAMS 0x0000000087600000| PB 0x0000000087600000| Untracked 
| 119|0x0000000087700000, 0x0000000087700000, 0x0000000087800000|  0%| F|  |TAMS 0x0000000087700000| PB 0x0000000087700000| Untracked 
| 120|0x0000000087800000, 0x0000000087800000, 0x0000000087900000|  0%| F|  |TAMS 0x0000000087800000| PB 0x0000000087800000| Untracked 
| 121|0x0000000087900000, 0x0000000087900000, 0x0000000087a00000|  0%| F|  |TAMS 0x0000000087900000| PB 0x0000000087900000| Untracked 
| 122|0x0000000087a00000, 0x0000000087a00000, 0x0000000087b00000|  0%| F|  |TAMS 0x0000000087a00000| PB 0x0000000087a00000| Untracked 
| 123|0x0000000087b00000, 0x0000000087b00000, 0x0000000087c00000|  0%| F|  |TAMS 0x0000000087b00000| PB 0x0000000087b00000| Untracked 
| 124|0x0000000087c00000, 0x0000000087c00000, 0x0000000087d00000|  0%| F|  |TAMS 0x0000000087c00000| PB 0x0000000087c00000| Untracked 
| 125|0x0000000087d00000, 0x0000000087d00000, 0x0000000087e00000|  0%| F|  |TAMS 0x0000000087d00000| PB 0x0000000087d00000| Untracked 
| 126|0x0000000087e00000, 0x0000000087e00000, 0x0000000087f00000|  0%| F|  |TAMS 0x0000000087e00000| PB 0x0000000087e00000| Untracked 
| 127|0x0000000087f00000, 0x0000000087f00000, 0x0000000088000000|  0%| F|  |TAMS 0x0000000087f00000| PB 0x0000000087f00000| Untracked 
|2046|0x00000000ffe00000, 0x00000000fff00000, 0x00000000fff00000|100%| O|  |TAMS 0x00000000ffe00000| PB 0x00000000ffe00000| Untracked 
|2047|0x00000000fff00000, 0x0000000100000000, 0x0000000100000000|100%| O|  |TAMS 0x00000000fff00000| PB 0x00000000fff00000| Untracked 

Card table byte_map: [0x000001e620c90000,0x000001e621090000] _byte_map_base: 0x000001e620890000

Marking Bits: (CMBitMap*) 0x000001e60e459d80
 Bits: [0x000001e621090000, 0x000001e623090000)

Polling page: 0x000001e60dbe0000

Metaspace:

Usage:
  Non-class:     59.47 MB used.
      Class:      9.43 MB used.
       Both:     68.90 MB used.

Virtual space:
  Non-class space:       64.00 MB reserved,      60.31 MB ( 94%) committed,  1 nodes.
      Class space:        1.00 GB reserved,      10.31 MB (  1%) committed,  1 nodes.
             Both:        1.06 GB reserved,      70.62 MB (  6%) committed. 

Chunk freelists:
   Non-Class:  3.23 MB
       Class:  5.60 MB
        Both:  8.84 MB

MaxMetaspaceSize: unlimited
CompressedClassSpaceSize: 1.00 GB
Initial GC threshold: 21.00 MB
Current GC threshold: 107.62 MB
CDS: off
 - commit_granule_bytes: 65536.
 - commit_granule_words: 8192.
 - virtual_space_node_default_size: 8388608.
 - enlarge_chunks_in_place: 1.
 - use_allocation_guard: 0.


Internal statistics:

num_allocs_failed_limit: 6.
num_arena_births: 3136.
num_arena_deaths: 0.
num_vsnodes_births: 2.
num_vsnodes_deaths: 0.
num_space_committed: 1130.
num_space_uncommitted: 0.
num_chunks_returned_to_freelist: 6.
num_chunks_taken_from_freelist: 6064.
num_chunk_merges: 6.
num_chunk_splits: 3904.
num_chunks_enlarged: 2406.
num_inconsistent_stats: 0.

CodeHeap 'non-profiled nmethods': size=120000Kb used=3538Kb max_used=3538Kb free=116461Kb
 bounds [0x000001e619030000, 0x000001e6193b0000, 0x000001e620560000]
CodeHeap 'profiled nmethods': size=120000Kb used=11668Kb max_used=11668Kb free=108331Kb
 bounds [0x000001e611560000, 0x000001e6120d0000, 0x000001e618a90000]
CodeHeap 'non-nmethods': size=5760Kb used=2729Kb max_used=2771Kb free=3030Kb
 bounds [0x000001e618a90000, 0x000001e618d60000, 0x000001e619030000]
 total_blobs=7055 nmethods=6175 adapters=782
 compilation: enabled
              stopped_count=0, restarted_count=0
 full_count=0

Compilation events (20 events):
Event: 9.816 Thread 0x000001e62a072fb0 7139       4       groovyjarjarantlr4.v4.runtime.atn.PredictionContext::getCachedContext (297 bytes)
Event: 9.816 Thread 0x000001e62a076380 7141       4       groovyjarjarantlr4.v4.runtime.misc.FlexibleHashMap::put (157 bytes)
Event: 9.818 Thread 0x000001e62a074840 nmethod 7144 0x000001e6120b6710 code [0x000001e6120b6da0, 0x000001e6120bb6b8]
Event: 9.818 Thread 0x000001e62a074840 7147       3       groovyjarjarantlr4.v4.runtime.atn.ParserATNSimulator::closure (784 bytes)
Event: 9.823 Thread 0x000001e62a074840 nmethod 7147 0x000001e6120bcc10 code [0x000001e6120bd1a0, 0x000001e6120c0c98]
Event: 9.823 Thread 0x000001e62a074840 7146       2       groovyjarjarantlr4.v4.runtime.atn.ATNConfig::setPrecedenceFilterSuppressed (30 bytes)
Event: 9.823 Thread 0x000001e62a074840 nmethod 7146 0x000001e611dd3510 code [0x000001e611dd36a0, 0x000001e611dd37f0]
Event: 9.823 Thread 0x000001e62a074840 7145       3       groovyjarjarantlr4.v4.runtime.dfa.DFAState::setTarget (14 bytes)
Event: 9.824 Thread 0x000001e62a074840 nmethod 7145 0x000001e6120c1d10 code [0x000001e6120c1ec0, 0x000001e6120c20f0]
Event: 9.824 Thread 0x000001e62a074840 7143       3       groovyjarjarantlr4.v4.runtime.atn.ParserATNSimulator::getStartState (251 bytes)
Event: 9.825 Thread 0x000001e62a074840 nmethod 7143 0x000001e6120c2210 code [0x000001e6120c25a0, 0x000001e6120c3f90]
Event: 9.838 Thread 0x000001e62a076380 nmethod 7141 0x000001e6193a2e90 code [0x000001e6193a30c0, 0x000001e6193a3cc0]
Event: 9.838 Thread 0x000001e62a076380 7140       4       groovyjarjarantlr4.v4.runtime.atn.PredictionContextCache$IdentityCommutativePredictionContextOperands::hashCode (16 bytes)
Event: 9.838 Thread 0x000001e62a076380 nmethod 7140 0x000001e6193a4490 code [0x000001e6193a4620, 0x000001e6193a46e8]
Event: 9.839 Thread 0x000001e62a076380 7148       4       java.util.LinkedList::listIterator (15 bytes)
Event: 9.839 Thread 0x000001e62a074840 7151       3       java.util.ArrayList::equalsArrayList (108 bytes)
Event: 9.840 Thread 0x000001e62a074840 nmethod 7151 0x000001e6120c4890 code [0x000001e6120c4aa0, 0x000001e6120c5290]
Event: 9.840 Thread 0x000001e62a074840 7152       1       groovyjarjarantlr4.v4.runtime.CommonToken::setLine (6 bytes)
Event: 9.840 Thread 0x000001e62a074840 nmethod 7152 0x000001e6193a4790 code [0x000001e6193a4920, 0x000001e6193a49e8]
Event: 9.840 Thread 0x000001e62a074840 7156 %     3       groovyjarjarantlr4.v4.runtime.atn.LexerATNSimulator::getReachableConfigSet @ 77 (198 bytes)

GC Heap History (20 events):
Event: 3.510 GC heap after
{Heap after GC invocations=11 (full 0):
 garbage-first heap   total 95232K, used 45788K [0x0000000080000000, 0x0000000100000000)
  region size 1024K, 5 young (5120K), 5 survivors (5120K)
 Metaspace       used 43022K, committed 44288K, reserved 1114112K
  class space    used 5983K, committed 6592K, reserved 1048576K
}
Event: 3.908 GC heap before
{Heap before GC invocations=11 (full 0):
 garbage-first heap   total 95232K, used 76508K [0x0000000080000000, 0x0000000100000000)
  region size 1024K, 36 young (36864K), 5 survivors (5120K)
 Metaspace       used 49218K, committed 50432K, reserved 1114112K
  class space    used 6643K, committed 7232K, reserved 1048576K
}
Event: 3.913 GC heap after
{Heap after GC invocations=12 (full 0):
 garbage-first heap   total 95232K, used 49624K [0x0000000080000000, 0x0000000100000000)
  region size 1024K, 5 young (5120K), 5 survivors (5120K)
 Metaspace       used 49218K, committed 50432K, reserved 1114112K
  class space    used 6643K, committed 7232K, reserved 1048576K
}
Event: 4.064 GC heap before
{Heap before GC invocations=12 (full 0):
 garbage-first heap   total 95232K, used 71128K [0x0000000080000000, 0x0000000100000000)
  region size 1024K, 28 young (28672K), 5 survivors (5120K)
 Metaspace       used 49750K, committed 51008K, reserved 1114112K
  class space    used 6698K, committed 7296K, reserved 1048576K
}
Event: 4.071 GC heap after
{Heap after GC invocations=13 (full 0):
 garbage-first heap   total 95232K, used 52180K [0x0000000080000000, 0x0000000100000000)
  region size 1024K, 3 young (3072K), 3 survivors (3072K)
 Metaspace       used 49750K, committed 51008K, reserved 1114112K
  class space    used 6698K, committed 7296K, reserved 1048576K
}
Event: 4.529 GC heap before
{Heap before GC invocations=14 (full 0):
 garbage-first heap   total 97280K, used 85972K [0x0000000080000000, 0x0000000100000000)
  region size 1024K, 31 young (31744K), 3 survivors (3072K)
 Metaspace       used 53987K, committed 55424K, reserved 1114112K
  class space    used 7266K, committed 8000K, reserved 1048576K
}
Event: 4.532 GC heap after
{Heap after GC invocations=15 (full 0):
 garbage-first heap   total 97280K, used 54141K [0x0000000080000000, 0x0000000100000000)
  region size 1024K, 3 young (3072K), 3 survivors (3072K)
 Metaspace       used 53987K, committed 55424K, reserved 1114112K
  class space    used 7266K, committed 8000K, reserved 1048576K
}
Event: 5.684 GC heap before
{Heap before GC invocations=15 (full 0):
 garbage-first heap   total 97280K, used 85885K [0x0000000080000000, 0x0000000100000000)
  region size 1024K, 33 young (33792K), 3 survivors (3072K)
 Metaspace       used 56547K, committed 57984K, reserved 1114112K
  class space    used 7654K, committed 8384K, reserved 1048576K
}
Event: 5.689 GC heap after
{Heap after GC invocations=16 (full 0):
 garbage-first heap   total 97280K, used 59061K [0x0000000080000000, 0x0000000100000000)
  region size 1024K, 5 young (5120K), 5 survivors (5120K)
 Metaspace       used 56547K, committed 57984K, reserved 1114112K
  class space    used 7654K, committed 8384K, reserved 1048576K
}
Event: 6.983 GC heap before
{Heap before GC invocations=16 (full 0):
 garbage-first heap   total 97280K, used 61109K [0x0000000080000000, 0x0000000100000000)
  region size 1024K, 8 young (8192K), 5 survivors (5120K)
 Metaspace       used 56628K, committed 58112K, reserved 1114112K
  class space    used 7656K, committed 8384K, reserved 1048576K
}
Event: 6.988 GC heap after
{Heap after GC invocations=17 (full 0):
 garbage-first heap   total 97280K, used 60483K [0x0000000080000000, 0x0000000100000000)
  region size 1024K, 2 young (2048K), 2 survivors (2048K)
 Metaspace       used 56628K, committed 58112K, reserved 1114112K
  class space    used 7656K, committed 8384K, reserved 1048576K
}
Event: 7.286 GC heap before
{Heap before GC invocations=18 (full 0):
 garbage-first heap   total 112640K, used 99395K [0x0000000080000000, 0x0000000100000000)
  region size 1024K, 27 young (27648K), 2 survivors (2048K)
 Metaspace       used 60055K, committed 61568K, reserved 1114112K
  class space    used 8095K, committed 8832K, reserved 1048576K
}
Event: 7.288 GC heap after
{Heap after GC invocations=19 (full 0):
 garbage-first heap   total 112640K, used 75506K [0x0000000080000000, 0x0000000100000000)
  region size 1024K, 4 young (4096K), 4 survivors (4096K)
 Metaspace       used 60055K, committed 61568K, reserved 1114112K
  class space    used 8095K, committed 8832K, reserved 1048576K
}
Event: 7.688 GC heap before
{Heap before GC invocations=19 (full 0):
 garbage-first heap   total 112640K, used 101106K [0x0000000080000000, 0x0000000100000000)
  region size 1024K, 29 young (29696K), 4 survivors (4096K)
 Metaspace       used 62414K, committed 63936K, reserved 1114112K
  class space    used 8413K, committed 9152K, reserved 1048576K
}
Event: 7.693 GC heap after
{Heap after GC invocations=20 (full 0):
 garbage-first heap   total 112640K, used 76566K [0x0000000080000000, 0x0000000100000000)
  region size 1024K, 2 young (2048K), 2 survivors (2048K)
 Metaspace       used 62414K, committed 63936K, reserved 1114112K
  class space    used 8413K, committed 9152K, reserved 1048576K
}
Event: 8.000 GC heap before
{Heap before GC invocations=20 (full 0):
 garbage-first heap   total 112640K, used 101142K [0x0000000080000000, 0x0000000100000000)
  region size 1024K, 26 young (26624K), 2 survivors (2048K)
 Metaspace       used 64546K, committed 66048K, reserved 1114112K
  class space    used 8652K, committed 9408K, reserved 1048576K
}
Event: 8.004 GC heap after
{Heap after GC invocations=21 (full 0):
 garbage-first heap   total 112640K, used 79059K [0x0000000080000000, 0x0000000100000000)
  region size 1024K, 4 young (4096K), 4 survivors (4096K)
 Metaspace       used 64546K, committed 66048K, reserved 1114112K
  class space    used 8652K, committed 9408K, reserved 1048576K
}
Event: 8.731 GC heap before
{Heap before GC invocations=22 (full 0):
 garbage-first heap   total 133120K, used 100563K [0x0000000080000000, 0x0000000100000000)
  region size 1024K, 25 young (25600K), 4 survivors (4096K)
 Metaspace       used 66498K, committed 68160K, reserved 1114112K
  class space    used 9001K, committed 9856K, reserved 1048576K
}
Event: 8.738 GC heap after
{Heap after GC invocations=23 (full 0):
 garbage-first heap   total 133120K, used 81097K [0x0000000080000000, 0x0000000100000000)
  region size 1024K, 2 young (2048K), 2 survivors (2048K)
 Metaspace       used 66498K, committed 68160K, reserved 1114112K
  class space    used 9001K, committed 9856K, reserved 1048576K
}
Event: 9.840 GC heap before
{Heap before GC invocations=23 (full 0):
 garbage-first heap   total 133120K, used 116937K [0x0000000080000000, 0x0000000100000000)
  region size 1024K, 37 young (37888K), 2 survivors (2048K)
 Metaspace       used 70553K, committed 72320K, reserved 1114112K
  class space    used 9654K, committed 10560K, reserved 1048576K
}

Dll operation events (3 events):
Event: 0.004 Loaded shared library C:\Program Files\Android\Android Studio\jbr\bin\java.dll
Event: 0.007 Loaded shared library C:\Program Files\Android\Android Studio\jbr\bin\zip.dll
Event: 0.337 Loaded shared library C:\Program Files\Android\Android Studio\jbr\bin\verify.dll

Deoptimization events (20 events):
Event: 9.728 Thread 0x000001e62c181d10 Uncommon trap: trap_request=0xffffff45 fr.pc=0x000001e6190b1dc0 relative=0x0000000000000200
Event: 9.728 Thread 0x000001e62c181d10 Uncommon trap: reason=unstable_if action=reinterpret pc=0x000001e6190b1dc0 method=java.net.URI$Parser.scan(IILjava/lang/String;)I @ 26 c2
Event: 9.728 Thread 0x000001e62c181d10 DEOPT PACKING pc=0x000001e6190b1dc0 sp=0x000000b1939f8920
Event: 9.728 Thread 0x000001e62c181d10 DEOPT UNPACKING pc=0x000001e618ae46a2 sp=0x000000b1939f88b0 mode 2
Event: 9.728 Thread 0x000001e62c181d10 Uncommon trap: trap_request=0xffffff45 fr.pc=0x000001e61904d248 relative=0x0000000000000128
Event: 9.728 Thread 0x000001e62c181d10 Uncommon trap: reason=unstable_if action=reinterpret pc=0x000001e61904d248 method=java.net.URI.match(CJJ)Z @ 45 c2
Event: 9.728 Thread 0x000001e62c181d10 DEOPT PACKING pc=0x000001e61904d248 sp=0x000000b1939f8680
Event: 9.728 Thread 0x000001e62c181d10 DEOPT UNPACKING pc=0x000001e618ae46a2 sp=0x000000b1939f85b8 mode 2
Event: 9.787 Thread 0x000001e62c181d10 Uncommon trap: trap_request=0xffffff45 fr.pc=0x000001e6192084e0 relative=0x00000000000000c0
Event: 9.787 Thread 0x000001e62c181d10 Uncommon trap: reason=unstable_if action=reinterpret pc=0x000001e6192084e0 method=java.net.URI.match(CJJ)Z @ 45 c2
Event: 9.787 Thread 0x000001e62c181d10 DEOPT PACKING pc=0x000001e6192084e0 sp=0x000000b1939f8620
Event: 9.787 Thread 0x000001e62c181d10 DEOPT UNPACKING pc=0x000001e618ae46a2 sp=0x000000b1939f85b0 mode 2
Event: 9.812 Thread 0x000001e62c181d10 Uncommon trap: trap_request=0xffffffde fr.pc=0x000001e6193347e4 relative=0x0000000000003ea4
Event: 9.812 Thread 0x000001e62c181d10 Uncommon trap: reason=class_check action=maybe_recompile pc=0x000001e6193347e4 method=groovyjarjarantlr4.v4.runtime.atn.PredictionContext.join(Lgroovyjarjarantlr4/v4/runtime/atn/PredictionContext;Lgroovyjarjarantlr4/v4/runtime/atn/PredictionContext;Lgroov
Event: 9.812 Thread 0x000001e62c181d10 DEOPT PACKING pc=0x000001e6193347e4 sp=0x000000b1939f54f0
Event: 9.812 Thread 0x000001e62c181d10 DEOPT UNPACKING pc=0x000001e618ae46a2 sp=0x000000b1939f5540 mode 2
Event: 9.813 Thread 0x000001e62c181d10 Uncommon trap: trap_request=0xffffff45 fr.pc=0x000001e619318550 relative=0x0000000000003310
Event: 9.813 Thread 0x000001e62c181d10 Uncommon trap: reason=unstable_if action=reinterpret pc=0x000001e619318550 method=groovyjarjarantlr4.v4.runtime.atn.ParserATNSimulator.getEpsilonTarget(Lgroovyjarjarantlr4/v4/runtime/atn/ATNConfig;Lgroovyjarjarantlr4/v4/runtime/atn/Transition;ZZLgroovyjar
Event: 9.813 Thread 0x000001e62c181d10 DEOPT PACKING pc=0x000001e619318550 sp=0x000000b1939f4b80
Event: 9.813 Thread 0x000001e62c181d10 DEOPT UNPACKING pc=0x000001e618ae46a2 sp=0x000000b1939f4ab8 mode 2

Classes loaded (20 events):
Event: 9.604 Loading class java/util/function/LongUnaryOperator
Event: 9.604 Loading class java/util/function/LongUnaryOperator done
Event: 9.733 Loading class javax/net/ssl/HostnameVerifier
Event: 9.733 Loading class javax/net/ssl/HostnameVerifier done
Event: 9.739 Loading class javax/net/ssl/TrustManager
Event: 9.739 Loading class javax/net/ssl/TrustManager done
Event: 9.739 Loading class javax/net/ssl/X509TrustManager
Event: 9.739 Loading class javax/net/ssl/X509TrustManager done
Event: 9.743 Loading class javax/net/ssl/SSLException
Event: 9.743 Loading class javax/net/ssl/SSLException done
Event: 9.743 Loading class javax/net/ssl/SSLPeerUnverifiedException
Event: 9.743 Loading class javax/net/ssl/SSLPeerUnverifiedException done
Event: 9.743 Loading class javax/naming/NamingException
Event: 9.743 Loading class javax/naming/NamingException done
Event: 9.743 Loading class javax/naming/InvalidNameException
Event: 9.743 Loading class javax/naming/InvalidNameException done
Event: 9.743 Loading class java/security/cert/CertificateParsingException
Event: 9.743 Loading class java/security/cert/CertificateException
Event: 9.743 Loading class java/security/cert/CertificateException done
Event: 9.743 Loading class java/security/cert/CertificateParsingException done

Classes unloaded (0 events):
No events

Classes redefined (0 events):
No events

Internal exceptions (20 events):
Event: 9.195 Thread 0x000001e62c181d10 Exception <a 'java/lang/NoSuchMethodError'{0x00000000872e4070}: 'int java.lang.invoke.Invokers$Holder.invokeExact_MT(java.lang.Object, java.lang.Object, java.lang.Object)'> (0x00000000872e4070) 
thrown [s\src\hotspot\share\interpreter\linkResolver.cpp, line 784]
Event: 9.196 Thread 0x000001e62c181d10 Exception <a 'java/lang/NoSuchMethodError'{0x00000000872f4250}: 'long java.lang.invoke.DelegatingMethodHandle$Holder.reinvoke_L(java.lang.Object, java.lang.Object)'> (0x00000000872f4250) 
thrown [s\src\hotspot\share\interpreter\linkResolver.cpp, line 784]
Event: 9.197 Thread 0x000001e62c181d10 Exception <a 'java/lang/NoSuchMethodError'{0x00000000872feb78}: 'void java.lang.invoke.DelegatingMethodHandle$Holder.reinvoke_L(java.lang.Object, java.lang.Object, long)'> (0x00000000872feb78) 
thrown [s\src\hotspot\share\interpreter\linkResolver.cpp, line 784]
Event: 9.197 Thread 0x000001e62c181d10 Exception <a 'java/lang/NoSuchMethodError'{0x00000000871068a0}: 'long java.lang.invoke.Invokers$Holder.invokeExact_MT(java.lang.Object, java.lang.Object, java.lang.Object)'> (0x00000000871068a0) 
thrown [s\src\hotspot\share\interpreter\linkResolver.cpp, line 784]
Event: 9.281 Thread 0x000001e62c181d10 Exception <a 'java/lang/ClassNotFoundException'{0x0000000086ff2b18}: org/gradle/internal/serialize/codecs/core/ClosureCodec$BrokenScriptBeanInfo> (0x0000000086ff2b18) 
thrown [s\src\hotspot\share\classfile\systemDictionary.cpp, line 312]
Event: 9.281 Thread 0x000001e62c181d10 Exception <a 'java/lang/ClassNotFoundException'{0x0000000086e016f8}: org/gradle/internal/serialize/codecs/core/ClosureCodec$BrokenScriptCustomizer> (0x0000000086e016f8) 
thrown [s\src\hotspot\share\classfile\systemDictionary.cpp, line 312]
Event: 9.283 Thread 0x000001e62c181d10 Exception <a 'java/lang/ClassNotFoundException'{0x0000000086e1b520}: org/gradle/api/invocation/GradleBeanInfo> (0x0000000086e1b520) 
thrown [s\src\hotspot\share\classfile\systemDictionary.cpp, line 312]
Event: 9.283 Thread 0x000001e62c181d10 Exception <a 'java/lang/ClassNotFoundException'{0x0000000086e26e90}: org/gradle/api/invocation/GradleCustomizer> (0x0000000086e26e90) 
thrown [s\src\hotspot\share\classfile\systemDictionary.cpp, line 312]
Event: 9.286 Thread 0x000001e62c181d10 Exception <a 'java/lang/NoSuchMethodError'{0x0000000086e49200}: 'void java.lang.invoke.Invokers$Holder.invokeExact_MT(java.lang.Object, java.lang.Object, int, java.lang.Object)'> (0x0000000086e49200) 
thrown [s\src\hotspot\share\interpreter\linkResolver.cpp, line 784]
Event: 9.289 Thread 0x000001e62c181d10 Exception <a 'java/lang/NoSuchMethodError'{0x0000000086e6b110}: 'void java.lang.invoke.Invokers$Holder.invokeExact_MT(java.lang.Object, java.lang.Object, long, java.lang.Object)'> (0x0000000086e6b110) 
thrown [s\src\hotspot\share\interpreter\linkResolver.cpp, line 784]
Event: 9.301 Thread 0x000001e62c181d10 Exception <a 'java/lang/ClassNotFoundException'{0x0000000086d8d848}: org/gradle/api/internal/project/DefaultProject_DecoratedBeanInfo> (0x0000000086d8d848) 
thrown [s\src\hotspot\share\classfile\systemDictionary.cpp, line 312]
Event: 9.301 Thread 0x000001e62c181d10 Exception <a 'java/lang/ClassNotFoundException'{0x0000000086d99318}: org/gradle/api/internal/project/DefaultProjectBeanInfo> (0x0000000086d99318) 
thrown [s\src\hotspot\share\classfile\systemDictionary.cpp, line 312]
Event: 9.301 Thread 0x000001e62c181d10 Exception <a 'java/lang/ClassNotFoundException'{0x0000000086da4e50}: org/gradle/api/internal/project/DefaultProjectCustomizer> (0x0000000086da4e50) 
thrown [s\src\hotspot\share\classfile\systemDictionary.cpp, line 312]
Event: 9.305 Thread 0x000001e62c181d10 Exception <a 'java/lang/ClassNotFoundException'{0x0000000086c634f8}: org/gradle/api/internal/project/DefaultProject_DecoratedCustomizer> (0x0000000086c634f8) 
thrown [s\src\hotspot\share\classfile\systemDictionary.cpp, line 312]
Event: 9.518 Thread 0x000001e62c181d10 Exception <a 'java/lang/NoSuchMethodError'{0x0000000086412ba8}: 'java.lang.Object java.lang.invoke.DirectMethodHandle$Holder.invokeInterface(java.lang.Object, java.lang.Object, int)'> (0x0000000086412ba8) 
thrown [s\src\hotspot\share\interpreter\linkResolver.cpp, line 784]
Event: 9.603 Thread 0x000001e62c181d10 Implicit null exception at 0x000001e6191d8d45 to 0x000001e6191d8f88
Event: 9.604 Thread 0x000001e62c181d10 Exception <a 'java/lang/NoSuchMethodError'{0x00000000862ac428}: 'long java.lang.invoke.DirectMethodHandle$Holder.invokeStatic(java.lang.Object, long)'> (0x00000000862ac428) 
thrown [s\src\hotspot\share\interpreter\linkResolver.cpp, line 784]
Event: 9.724 Thread 0x000001e62c181d10 Exception <a 'java/lang/NoSuchMethodError'{0x0000000085eb0dd8}: 'java.lang.Object java.lang.invoke.DirectMethodHandle$Holder.invokeVirtual(java.lang.Object, java.lang.Object, java.lang.Object, java.lang.Object, java.lang.Object, java.lang.Object, java.lang.Object, java.lang.Object, java.lang.Object, java.lang.Object, java.lang.Object, java.lang.Object, java.lang.Object, java.lang.Object, java.lang.Object, java.lang.Object, java.lang.Object)'> (0x0000000085eb0dd8) 
thrown [s\src\hotspot\share\interpreter\li
Event: 9.724 Thread 0x000001e62c181d10 Exception <a 'java/lang/NoSuchMethodError'{0x0000000085eb6ca8}: 'java.lang.Object java.lang.invoke.DirectMethodHandle$Holder.invokeSpecial(java.lang.Object, java.lang.Object, java.lang.Object, java.lang.Object, java.lang.Object, java.lang.Object, java.lang.Object, java.lang.Object, java.lang.Object, java.lang.Object, java.lang.Object, java.lang.Object, java.lang.Object, java.lang.Object, java.lang.Object, java.lang.Object, java.lang.Object, java.lang.Object)'> (0x0000000085eb6ca8) 
thrown [s\src\hotspot\sh
Event: 9.724 Thread 0x000001e62c181d10 Exception <a 'java/lang/NoSuchMethodError'{0x0000000085ebc4b0}: 'java.lang.Object java.lang.invoke.DelegatingMethodHandle$Holder.reinvoke_L(java.lang.Object, java.lang.Object, java.lang.Object, java.lang.Object, java.lang.Object, java.lang.Object, java.lang.Object, java.lang.Object, java.lang.Object, java.lang.Object, java.lang.Object, java.lang.Object, java.lang.Object, java.lang.Object, java.lang.Object, java.lang.Object, java.lang.Object)'> (0x0000000085ebc4b0) 
thrown [s\src\hotspot\share\interpreter\l

ZGC Phase Switch (0 events):
No events

VM Operations (20 events):
Event: 7.741 Executing VM operation: HandshakeAllThreads (Deoptimize) done
Event: 7.827 Executing VM operation: HandshakeAllThreads (Deoptimize)
Event: 7.827 Executing VM operation: HandshakeAllThreads (Deoptimize) done
Event: 7.896 Executing VM operation: ICBufferFull
Event: 7.897 Executing VM operation: ICBufferFull done
Event: 7.999 Executing VM operation: G1CollectForAllocation (G1 Evacuation Pause)
Event: 8.004 Executing VM operation: G1CollectForAllocation (G1 Evacuation Pause) done
Event: 8.045 Executing VM operation: G1PauseRemark
Event: 8.049 Executing VM operation: G1PauseRemark done
Event: 8.074 Executing VM operation: G1PauseCleanup
Event: 8.074 Executing VM operation: G1PauseCleanup done
Event: 8.561 Executing VM operation: HandshakeAllThreads (Deoptimize)
Event: 8.561 Executing VM operation: HandshakeAllThreads (Deoptimize) done
Event: 8.730 Executing VM operation: G1CollectForAllocation (G1 Evacuation Pause)
Event: 8.738 Executing VM operation: G1CollectForAllocation (G1 Evacuation Pause) done
Event: 8.740 Executing VM operation: HandshakeAllThreads (Deoptimize)
Event: 8.740 Executing VM operation: HandshakeAllThreads (Deoptimize) done
Event: 8.957 Executing VM operation: HandshakeAllThreads (Deoptimize)
Event: 8.957 Executing VM operation: HandshakeAllThreads (Deoptimize) done
Event: 9.840 Executing VM operation: G1CollectForAllocation (G1 Evacuation Pause)

Memory protections (0 events):
No events

Nmethod flushes (20 events):
Event: 8.048 Thread 0x000001e625ad6770 flushing  nmethod 0x000001e611910890
Event: 8.048 Thread 0x000001e625ad6770 flushing  nmethod 0x000001e611990e10
Event: 8.048 Thread 0x000001e625ad6770 flushing  nmethod 0x000001e611995b90
Event: 8.048 Thread 0x000001e625ad6770 flushing  nmethod 0x000001e6119c6190
Event: 8.048 Thread 0x000001e625ad6770 flushing  nmethod 0x000001e6119fc510
Event: 8.048 Thread 0x000001e625ad6770 flushing  nmethod 0x000001e611a65f10
Event: 8.048 Thread 0x000001e625ad6770 flushing  nmethod 0x000001e611a9c490
Event: 8.048 Thread 0x000001e625ad6770 flushing  nmethod 0x000001e611aa0a90
Event: 8.048 Thread 0x000001e625ad6770 flushing  nmethod 0x000001e611b1c590
Event: 8.048 Thread 0x000001e625ad6770 flushing  nmethod 0x000001e611b1cf10
Event: 8.048 Thread 0x000001e625ad6770 flushing  nmethod 0x000001e611b1e290
Event: 8.048 Thread 0x000001e625ad6770 flushing  nmethod 0x000001e611b20890
Event: 8.048 Thread 0x000001e625ad6770 flushing  nmethod 0x000001e611b21390
Event: 8.048 Thread 0x000001e625ad6770 flushing  nmethod 0x000001e611b23e10
Event: 8.048 Thread 0x000001e625ad6770 flushing  nmethod 0x000001e611bd6310
Event: 8.048 Thread 0x000001e625ad6770 flushing  nmethod 0x000001e611bd9990
Event: 8.048 Thread 0x000001e625ad6770 flushing  nmethod 0x000001e611c90990
Event: 8.048 Thread 0x000001e625ad6770 flushing  nmethod 0x000001e611dd7310
Event: 8.048 Thread 0x000001e625ad6770 flushing  nmethod 0x000001e611dd8f90
Event: 8.048 Thread 0x000001e625ad6770 flushing  nmethod 0x000001e611ddef90

Events (20 events):
Event: 5.441 Thread 0x000001e62c181d10 Thread added: 0x000001e630563bc0
Event: 5.441 Thread 0x000001e62c181d10 Thread added: 0x000001e630567040
Event: 5.442 Thread 0x000001e62c181d10 Thread added: 0x000001e630560dd0
Event: 5.443 Thread 0x000001e62c181d10 Thread added: 0x000001e630566320
Event: 5.444 Thread 0x000001e62c181d10 Thread added: 0x000001e630564250
Event: 5.445 Thread 0x000001e62c181d10 Thread added: 0x000001e630565600
Event: 5.446 Thread 0x000001e62c181d10 Thread added: 0x000001e630562ea0
Event: 5.496 Thread 0x000001e62c181d10 Thread added: 0x000001e630565c90
Event: 5.496 Thread 0x000001e62c181d10 Thread added: 0x000001e6305648e0
Event: 5.497 Thread 0x000001e62c181d10 Thread added: 0x000001e6305676d0
Event: 5.497 Thread 0x000001e62c181d10 Thread added: 0x000001e630560740
Event: 5.497 Thread 0x000001e62c181d10 Thread added: 0x000001e630567d60
Event: 5.498 Thread 0x000001e62c181d10 Thread added: 0x000001e630564f70
Event: 5.498 Thread 0x000001e62c181d10 Thread added: 0x000001e630561460
Event: 5.837 Thread 0x000001e62a076380 Thread exited: 0x000001e62a076380
Event: 7.157 Thread 0x000001e62a074840 Thread added: 0x000001e62a075cb0
Event: 7.434 Thread 0x000001e62a074840 Thread added: 0x000001e62a076380
Event: 8.605 Thread 0x000001e62a076380 Thread exited: 0x000001e62a076380
Event: 8.880 Thread 0x000001e62a075cb0 Thread exited: 0x000001e62a075cb0
Event: 9.816 Thread 0x000001e62a072fb0 Thread added: 0x000001e62a076380


Dynamic libraries:
0x00007ff7a0c80000 - 0x00007ff7a0c8a000 	C:\Program Files\Android\Android Studio\jbr\bin\java.exe
0x00007fffa7650000 - 0x00007fffa7845000 	C:\Windows\SYSTEM32\ntdll.dll
0x00007fffa5e80000 - 0x00007fffa5f3d000 	C:\Windows\System32\KERNEL32.DLL
0x00007fffa50a0000 - 0x00007fffa5368000 	C:\Windows\System32\KERNELBASE.dll
0x00007fffa4fa0000 - 0x00007fffa50a0000 	C:\Windows\System32\ucrtbase.dll
0x00007fffa09c0000 - 0x00007fffa09d8000 	C:\Program Files\Android\Android Studio\jbr\bin\jli.dll
0x00007fffa0020000 - 0x00007fffa003b000 	C:\Program Files\Android\Android Studio\jbr\bin\VCRUNTIME140.dll
0x00007fffa72a0000 - 0x00007fffa7440000 	C:\Windows\System32\USER32.dll
0x00007fffa4f70000 - 0x00007fffa4f92000 	C:\Windows\System32\win32u.dll
0x00007fff8b1d0000 - 0x00007fff8b46a000 	C:\Windows\WinSxS\amd64_microsoft.windows.common-controls_6595b64144ccf1df_6.0.19041.844_none_ca00b6081b84eb1d\COMCTL32.dll
0x00007fffa7000000 - 0x00007fffa702a000 	C:\Windows\System32\GDI32.dll
0x00007fffa5de0000 - 0x00007fffa5e7e000 	C:\Windows\System32\msvcrt.dll
0x00007fffa5370000 - 0x00007fffa547b000 	C:\Windows\System32\gdi32full.dll
0x00007fffa4ed0000 - 0x00007fffa4f6d000 	C:\Windows\System32\msvcp_win.dll
0x00007fffa7620000 - 0x00007fffa7650000 	C:\Windows\System32\IMM32.DLL
0x00007fffa09b0000 - 0x00007fffa09bc000 	C:\Program Files\Android\Android Studio\jbr\bin\vcruntime140_1.dll
0x00007fff9dc20000 - 0x00007fff9dcad000 	C:\Program Files\Android\Android Studio\jbr\bin\msvcp140.dll
0x00007fff3c5f0000 - 0x00007fff3d273000 	C:\Program Files\Android\Android Studio\jbr\bin\server\jvm.dll
0x00007fffa7440000 - 0x00007fffa74ec000 	C:\Windows\System32\ADVAPI32.dll
0x00007fffa56f0000 - 0x00007fffa578b000 	C:\Windows\System32\sechost.dll
0x00007fffa7030000 - 0x00007fffa715b000 	C:\Windows\System32\RPCRT4.dll
0x00007fffa74f0000 - 0x00007fffa755b000 	C:\Windows\System32\WS2_32.dll
0x00007fffa4c40000 - 0x00007fffa4c8b000 	C:\Windows\SYSTEM32\POWRPROF.dll
0x00007fff8f4f0000 - 0x00007fff8f517000 	C:\Windows\SYSTEM32\WINMM.dll
0x00007fff9d350000 - 0x00007fff9d35a000 	C:\Windows\SYSTEM32\VERSION.dll
0x00007fffa4c20000 - 0x00007fffa4c32000 	C:\Windows\SYSTEM32\UMPDC.dll
0x00007fffa2d10000 - 0x00007fffa2d22000 	C:\Windows\SYSTEM32\kernel.appcore.dll
0x00007fff9db20000 - 0x00007fff9db2a000 	C:\Program Files\Android\Android Studio\jbr\bin\jimage.dll
0x00007fff9e650000 - 0x00007fff9e834000 	C:\Windows\SYSTEM32\DBGHELP.DLL
0x00007fff8f210000 - 0x00007fff8f23c000 	C:\Windows\SYSTEM32\dbgcore.DLL
0x00007fffa5480000 - 0x00007fffa5500000 	C:\Windows\System32\bcryptPrimitives.dll
0x00007fffa0050000 - 0x00007fffa005e000 	C:\Program Files\Android\Android Studio\jbr\bin\instrument.dll
0x00007fff9da60000 - 0x00007fff9da80000 	C:\Program Files\Android\Android Studio\jbr\bin\java.dll
0x00007fff8b9d0000 - 0x00007fff8b9e8000 	C:\Program Files\Android\Android Studio\jbr\bin\zip.dll
0x00007fffa6240000 - 0x00007fffa6982000 	C:\Windows\System32\SHELL32.dll
0x00007fffa2f10000 - 0x00007fffa36a1000 	C:\Windows\SYSTEM32\windows.storage.dll
0x00007fffa5790000 - 0x00007fffa5ae5000 	C:\Windows\System32\combase.dll
0x00007fffa4770000 - 0x00007fffa479c000 	C:\Windows\SYSTEM32\Wldp.dll
0x00007fffa71f0000 - 0x00007fffa729e000 	C:\Windows\System32\SHCORE.dll
0x00007fffa5cf0000 - 0x00007fffa5d45000 	C:\Windows\System32\shlwapi.dll
0x00007fffa4d10000 - 0x00007fffa4d2f000 	C:\Windows\SYSTEM32\profapi.dll
0x00007fff9db10000 - 0x00007fff9db20000 	C:\Program Files\Android\Android Studio\jbr\bin\net.dll
0x00007fff9afc0000 - 0x00007fff9b0cb000 	C:\Windows\SYSTEM32\WINHTTP.dll
0x00007fffa44e0000 - 0x00007fffa454a000 	C:\Windows\system32\mswsock.dll
0x00007fff88b50000 - 0x00007fff88b66000 	C:\Program Files\Android\Android Studio\jbr\bin\nio.dll
0x00007fff91130000 - 0x00007fff91140000 	C:\Program Files\Android\Android Studio\jbr\bin\verify.dll
0x00007fff9db40000 - 0x00007fff9db67000 	C:\Users\welcome\.gradle\native\c067742578af261105cb4f569cf0c3c89f3d7b1fecec35dd04571415982c5e48\windows-amd64\native-platform.dll
0x00007fff79030000 - 0x00007fff79174000 	C:\Users\welcome\.gradle\native\100fb08df4bc3b14c8652ba06237920a3bd2aa13389f12d3474272988ae205f9\windows-amd64\native-platform-file-events.dll
0x00007fff87ba0000 - 0x00007fff87ba9000 	C:\Program Files\Android\Android Studio\jbr\bin\management.dll
0x00007fff851e0000 - 0x00007fff851eb000 	C:\Program Files\Android\Android Studio\jbr\bin\management_ext.dll
0x00007fffa6a50000 - 0x00007fffa6a58000 	C:\Windows\System32\PSAPI.DLL
0x00007fffa46b0000 - 0x00007fffa46c8000 	C:\Windows\SYSTEM32\CRYPTSP.dll
0x00007fffa3e80000 - 0x00007fffa3eb4000 	C:\Windows\system32\rsaenh.dll
0x00007fffa5560000 - 0x00007fffa5587000 	C:\Windows\System32\bcrypt.dll
0x00007fffa4c90000 - 0x00007fffa4cbe000 	C:\Windows\SYSTEM32\USERENV.dll
0x00007fffa46d0000 - 0x00007fffa46dc000 	C:\Windows\SYSTEM32\CRYPTBASE.dll
0x00007fffa41d0000 - 0x00007fffa420b000 	C:\Windows\SYSTEM32\IPHLPAPI.DLL
0x00007fffa5d50000 - 0x00007fffa5d58000 	C:\Windows\System32\NSI.dll
0x00007fff87bb0000 - 0x00007fff87bb9000 	C:\Program Files\Android\Android Studio\jbr\bin\extnet.dll
0x00007fff8b9c0000 - 0x00007fff8b9c7000 	C:\Windows\system32\wshunix.dll

dbghelp: loaded successfully - version: 4.0.5 - missing functions: none
symbol engine: initialized successfully - sym options: 0x614 - pdb path: .;C:\Program Files\Android\Android Studio\jbr\bin;C:\Windows\SYSTEM32;C:\Windows\WinSxS\amd64_microsoft.windows.common-controls_6595b64144ccf1df_6.0.19041.844_none_ca00b6081b84eb1d;C:\Program Files\Android\Android Studio\jbr\bin\server;C:\Users\welcome\.gradle\native\c067742578af261105cb4f569cf0c3c89f3d7b1fecec35dd04571415982c5e48\windows-amd64;C:\Users\welcome\.gradle\native\100fb08df4bc3b14c8652ba06237920a3bd2aa13389f12d3474272988ae205f9\windows-amd64

VM Arguments:
jvm_args: --add-opens=java.base/java.util=ALL-UNNAMED --add-opens=java.base/java.lang=ALL-UNNAMED --add-opens=java.base/java.lang.invoke=ALL-UNNAMED --add-opens=java.prefs/java.util.prefs=ALL-UNNAMED --add-exports=jdk.compiler/com.sun.tools.javac.api=ALL-UNNAMED --add-exports=jdk.compiler/com.sun.tools.javac.util=ALL-UNNAMED --add-opens=java.base/java.nio.charset=ALL-UNNAMED --add-opens=java.base/java.net=ALL-UNNAMED --add-opens=java.base/java.util.concurrent.atomic=ALL-UNNAMED -Xmx2048m -Dfile.encoding=UTF-8 -Duser.country=419 -Duser.language=es -Duser.variant -javaagent:C:\Users\welcome\.gradle\wrapper\dists\gradle-8.10.2-bin\a04bxjujx95o3nb99gddekhwo\gradle-8.10.2\lib\agents\gradle-instrumentation-agent-8.10.2.jar 
java_command: org.gradle.launcher.daemon.bootstrap.GradleDaemon 8.10.2
java_class_path (initial): C:\Users\welcome\.gradle\wrapper\dists\gradle-8.10.2-bin\a04bxjujx95o3nb99gddekhwo\gradle-8.10.2\lib\gradle-daemon-main-8.10.2.jar
Launcher Type: SUN_STANDARD

[Global flags]
     intx CICompilerCount                          = 4                                         {product} {ergonomic}
     uint ConcGCThreads                            = 2                                         {product} {ergonomic}
     uint G1ConcRefinementThreads                  = 8                                         {product} {ergonomic}
   size_t G1HeapRegionSize                         = 1048576                                   {product} {ergonomic}
    uintx GCDrainStackTargetSize                   = 64                                        {product} {ergonomic}
   size_t InitialHeapSize                          = 125829120                                 {product} {ergonomic}
   size_t MarkStackSize                            = 4194304                                   {product} {ergonomic}
   size_t MaxHeapSize                              = 2147483648                                {product} {command line}
   size_t MaxNewSize                               = 1287651328                                {product} {ergonomic}
   size_t MinHeapDeltaBytes                        = 1048576                                   {product} {ergonomic}
   size_t MinHeapSize                              = 8388608                                   {product} {ergonomic}
    uintx NonNMethodCodeHeapSize                   = 5839372                                {pd product} {ergonomic}
    uintx NonProfiledCodeHeapSize                  = 122909434                              {pd product} {ergonomic}
    uintx ProfiledCodeHeapSize                     = 122909434                              {pd product} {ergonomic}
    uintx ReservedCodeCacheSize                    = 251658240                              {pd product} {ergonomic}
     bool SegmentedCodeCache                       = true                                      {product} {ergonomic}
   size_t SoftMaxHeapSize                          = 2147483648                             {manageable} {ergonomic}
     bool UseCompressedOops                        = true                           {product lp64_product} {ergonomic}
     bool UseG1GC                                  = true                                      {product} {ergonomic}
     bool UseLargePagesIndividualAllocation        = false                                  {pd product} {ergonomic}

Logging:
Log output configuration:
 #0: stdout all=warning uptime,level,tags foldmultilines=false
 #1: stderr all=off uptime,level,tags foldmultilines=false

Environment Variables:
PATH=C:\Windows\system32;C:\Windows;C:\Windows\System32\Wbem;C:\Windows\System32\WindowsPowerShell\v1.0\;C:\Windows\System32\OpenSSH\;C:\Program Files\nodejs\;C:\ProgramData\chocolatey\bin;C:\Program Files\Git\cmd;C:\Users\welcome\AppData\Local\Android\Sdk\platform-tools;C:\Users\welcome\AppData\Local\Android\Sdk\cmdline-tools\latest\bin;C:\Users\welcome\AppData\Local\Microsoft\WindowsApps;C:\Users\welcome\AppData\Local\Programs\Microsoft VS Code\bin;C:\Users\welcome\AppData\Roaming\npm
USERNAME=welcome
OS=Windows_NT
PROCESSOR_IDENTIFIER=Intel64 Family 6 Model 142 Stepping 10, GenuineIntel
TMP=C:\Users\welcome\AppData\Local\Temp
TEMP=C:\Users\welcome\AppData\Local\Temp




Periodic native trim disabled

JNI global refs:
JNI global refs: 28, weak refs: 5

JNI global refs memory usage: 835, weak refs: 833

Process memory usage:
Resident Set Size: 331372K (4% of 7785684K total physical memory with 534720K free physical memory)

OOME stack traces (most recent first):
Classloader memory used:
Loader org.gradle.internal.classloader.VisitableURLClassLoader                         : 36072K
Loader bootstrap                                                                       : 23076K
Loader org.gradle.initialization.MixInLegacyTypesClassLoader                           : 8708K
Loader org.gradle.internal.classloader.VisitableURLClassLoader                         : 804K
Loader org.gradle.internal.classloader.VisitableURLClassLoader$InstrumentingVisitableURLClassLoader: 706K
Loader jdk.internal.loader.ClassLoaders$PlatformClassLoader                            : 542K
Loader jdk.internal.loader.ClassLoaders$AppClassLoader                                 : 232K
Loader jdk.internal.reflect.DelegatingClassLoader                                      : 207K
Loader org.gradle.groovy.scripts.internal.DefaultScriptCompilationHandler$ScriptClassLoader: 128K
Loader org.codehaus.groovy.runtime.callsite.CallSiteClassLoader                        : 51552B
Loader groovy.lang.GroovyClassLoader$InnerLoader                                       : 24032B

Classes loaded by more than one classloader:
Class org.gradle.api.GradleException                                                  : loaded 3 times (x 78B)
Class org.gradle.internal.classloader.FilteringClassLoader                            : loaded 2 times (x 101B)
Class org.gradle.internal.classloader.ClassLoaderHierarchy                            : loaded 2 times (x 66B)
Class org.gradle.api.internal.classpath.ManifestUtil                                  : loaded 2 times (x 67B)
Class org.jetbrains.plugins.gradle.model.GradleExtensions                             : loaded 2 times (x 66B)
Class org.jetbrains.plugins.gradle.model.AnnotationProcessingModel                    : loaded 2 times (x 66B)
Class org.gradle.internal.operations.MultipleBuildOperationFailures                   : loaded 2 times (x 91B)
Class org.jetbrains.kotlin.idea.gradleTooling.model.noarg.NoArgModel                  : loaded 2 times (x 66B)
Class org.gradle.internal.classloader.DefaultClassLoaderFactory                       : loaded 2 times (x 78B)
Class kotlin.collections.AbstractList$Companion                                       : loaded 2 times (x 67B)
Class org.gradle.internal.classloader.ClassLoaderVisitor                              : loaded 2 times (x 72B)
Class org.gradle.api.internal.classpath.EffectiveClassPath                            : loaded 2 times (x 86B)
Class org.gradle.tooling.internal.gradle.DefaultProjectIdentifier                     : loaded 2 times (x 82B)
Class org.jetbrains.kotlin.idea.gradleTooling.model.allopen.AllOpenModel              : loaded 2 times (x 66B)
Class org.gradle.api.internal.DefaultClassPathProvider                                : loaded 2 times (x 72B)
Class [Lorg.gradle.api.internal.ClassPathProvider;                                    : loaded 2 times (x 65B)
Class org.gradle.api.internal.ClassPathProvider                                       : loaded 2 times (x 66B)
Class org.gradle.internal.service.UnknownServiceException                             : loaded 2 times (x 79B)
Class org.jetbrains.kotlin.idea.gradleTooling.KotlinDslScriptAdditionalTask           : loaded 2 times (x 66B)
Class settings_5ev3fqlnmc7ep4bo5iy0t5x00$_run_closure1                                : loaded 2 times (x 135B)
Class org.gradle.internal.classpath.TransformedClassPath                              : loaded 2 times (x 92B)
Class org.gradle.internal.classloader.InstrumentingClassLoader                        : loaded 2 times (x 66B)
Class kotlin.enums.EnumEntriesList                                                    : loaded 2 times (x 219B)
Class _BuildScript_                                                                   : loaded 2 times (x 169B)
Class org.jetbrains.plugins.gradle.model.IntelliJSettings                             : loaded 2 times (x 66B)
Class org.jetbrains.kotlin.idea.gradleTooling.KotlinSourceSetContainer                : loaded 2 times (x 66B)
Class org.gradle.internal.service.ServiceLocator                                      : loaded 2 times (x 66B)
Class org.jetbrains.kotlin.android.synthetic.idea.AndroidExtensionsGradleModel        : loaded 2 times (x 66B)
Class org.gradle.tooling.model.UnsupportedMethodException                             : loaded 2 times (x 78B)
Class org.gradle.internal.InternalTransformer                                         : loaded 2 times (x 66B)
Class org.gradle.internal.time.DefaultTimer                                           : loaded 2 times (x 76B)
Class org.gradle.internal.classloader.ClasspathUtil$1                                 : loaded 2 times (x 72B)
Class org.gradle.api.internal.classpath.DefaultModuleRegistry$DefaultModule           : loaded 2 times (x 82B)
Class org.jetbrains.kotlin.idea.gradleTooling.model.lombok.LombokModel                : loaded 2 times (x 66B)
Class org.gradle.internal.time.DefaultCountdownTimer                                  : loaded 2 times (x 84B)
Class org.gradle.tooling.internal.gradle.DefaultBuildIdentifier                       : loaded 2 times (x 75B)
Class kotlin.Function                                                                 : loaded 2 times (x 66B)
Class org.gradle.api.internal.classpath.Module                                        : loaded 2 times (x 66B)
Class org.gradle.api.internal.classpath.UnknownModuleException                        : loaded 2 times (x 78B)
Class com.intellij.openapi.externalSystem.model.project.dependencies.ProjectDependencies: loaded 2 times (x 66B)
Class org.gradle.tooling.internal.gradle.GradleProjectIdentity                        : loaded 2 times (x 66B)
Class org.gradle.api.internal.DefaultClassPathRegistry                                : loaded 2 times (x 72B)
Class org.gradle.api.internal.ClassPathRegistry                                       : loaded 2 times (x 66B)
Class org.gradle.internal.classpath.DefaultClassPath$ImmutableUniqueList              : loaded 2 times (x 195B)
Class org.gradle.internal.classpath.ClassPath                                         : loaded 2 times (x 66B)
Class org.gradle.api.UncheckedIOException                                             : loaded 2 times (x 78B)
Class org.jetbrains.kotlin.idea.gradleTooling.KotlinGradleModel                       : loaded 2 times (x 66B)
Class org.gradle.tooling.model.Model                                                  : loaded 2 times (x 66B)
Class kotlin.UninitializedPropertyAccessException                                     : loaded 2 times (x 78B)
Class org.jetbrains.plugins.gradle.model.IntelliJProjectSettings                      : loaded 2 times (x 66B)
Class org.jetbrains.kotlin.idea.gradleTooling.model.annotation.AnnotationBasedPluginModel: loaded 2 times (x 66B)
Class _BuildScript_$_run_closure1                                                     : loaded 2 times (x 128B)
Class org.gradle.internal.installation.GradleInstallation$1                           : loaded 2 times (x 71B)
Class org.gradle.api.internal.classpath.ModuleRegistry                                : loaded 2 times (x 66B)
Class org.jetbrains.plugins.gradle.model.VersionCatalogsModel                         : loaded 2 times (x 66B)
Class org.gradle.api.internal.classpath.DefaultModuleRegistry                         : loaded 2 times (x 82B)
Class org.gradle.internal.time.MonotonicClock                                         : loaded 2 times (x 73B)
Class org.gradle.internal.service.ServiceLookupException                              : loaded 2 times (x 78B)
Class org.gradle.internal.classloader.ClassLoaderFactory                              : loaded 2 times (x 66B)
Class org.gradle.internal.service.CachingServiceLocator                               : loaded 2 times (x 78B)
Class org.jetbrains.plugins.gradle.model.RepositoryModels                             : loaded 2 times (x 66B)
Class settings_5ev3fqlnmc7ep4bo5iy0t5x00                                              : loaded 2 times (x 175B)
Class org.gradle.internal.time.TimeSource                                             : loaded 2 times (x 66B)
Class org.gradle.tooling.internal.gradle.GradleBuildIdentity                          : loaded 2 times (x 66B)
Class kotlin.enums.EnumEntries                                                        : loaded 2 times (x 66B)
Class org.gradle.internal.exceptions.ResolutionProvider                               : loaded 2 times (x 66B)
Class org.gradle.tooling.model.ProjectIdentifier                                      : loaded 2 times (x 66B)
Class org.gradle.internal.classloader.ClasspathUtil                                   : loaded 2 times (x 67B)
Class org.gradle.internal.time.TimeSource$1                                           : loaded 2 times (x 73B)
Class kotlin.jvm.internal.DefaultConstructorMarker                                    : loaded 2 times (x 67B)
Class org.gradle.api.specs.Spec                                                       : loaded 2 times (x 66B)
Class org.gradle.internal.time.Clock                                                  : loaded 2 times (x 66B)
Class org.jetbrains.plugins.gradle.model.jar.JarTaskManifestConfiguration             : loaded 2 times (x 66B)
Class kotlin.collections.AbstractList                                                 : loaded 2 times (x 193B)
Class kotlin.collections.AbstractCollection                                           : loaded 2 times (x 113B)
Class _BuildScript_$_run_closure1$_closure2                                           : loaded 2 times (x 128B)
Class org.gradle.internal.classloader.VisitableURLClassLoader$InstrumentingVisitableURLClassLoader: loaded 2 times (x 119B)
Class org.gradle.internal.classloader.VisitableURLClassLoader$Spec                    : loaded 2 times (x 70B)
Class org.gradle.internal.classpath.DefaultClassPath                                  : loaded 2 times (x 86B)
Class org.gradle.internal.classloader.ClassLoaderSpec                                 : loaded 2 times (x 67B)
Class org.gradle.internal.classloader.VisitableURLClassLoader                         : loaded 2 times (x 113B)
Class org.gradle.internal.Cast                                                        : loaded 2 times (x 67B)
Class org.gradle.api.Action                                                           : loaded 2 times (x 66B)
Class kotlin.jvm.functions.Function1                                                  : loaded 2 times (x 66B)
Class org.gradle.internal.classpath.DefaultClassPath$ImmutableUniqueList$Builder      : loaded 2 times (x 71B)
Class org.jetbrains.kotlin.idea.gradleTooling.model.samWithReceiver.SamWithReceiverModel: loaded 2 times (x 66B)
Class settings_5ev3fqlnmc7ep4bo5iy0t5x00$_run_closure1$_closure2                      : loaded 2 times (x 135B)
Class org.gradle.internal.exceptions.NonGradleCauseExceptionsHolder                   : loaded 2 times (x 66B)
Class org.jetbrains.kotlin.idea.gradleTooling.model.assignment.AssignmentModel        : loaded 2 times (x 66B)
Class kotlin.enums.EnumEntriesKt                                                      : loaded 2 times (x 67B)
Class org.gradle.internal.IoActions                                                   : loaded 2 times (x 67B)
Class org.gradle.internal.classloader.SystemClassLoaderSpec                           : loaded 2 times (x 67B)
Class org.gradle.internal.exceptions.MultiCauseException                              : loaded 2 times (x 66B)
Class org.gradle.internal.time.CountdownTimer                                         : loaded 2 times (x 66B)
Class kotlin.jvm.internal.Intrinsics                                                  : loaded 2 times (x 67B)
Class org.jetbrains.kotlin.idea.gradleTooling.model.parcelize.ParcelizeGradleModel    : loaded 2 times (x 66B)
Class org.gradle.tooling.model.ProjectModel                                           : loaded 2 times (x 66B)
Class kotlin.KotlinNullPointerException                                               : loaded 2 times (x 79B)
Class org.jetbrains.plugins.gradle.model.tests.ExternalTestsModel                     : loaded 2 times (x 66B)
Class ijInit1_3eekot4hx14xpk66y516tyam6                                               : loaded 2 times (x 175B)
Class org.gradle.internal.exceptions.DefaultMultiCauseException                       : loaded 2 times (x 91B)
Class org.gradle.internal.time.Time                                                   : loaded 2 times (x 67B)
Class org.jetbrains.plugins.gradle.model.DependencyAccessorsModel                     : loaded 2 times (x 66B)
Class org.gradle.api.internal.classpath.GlobalCacheRootsProvider                      : loaded 2 times (x 66B)
Class org.jetbrains.kotlin.idea.gradleTooling.KotlinMPPGradleModel                    : loaded 2 times (x 66B)
Class sync_studio_tooling6_3f1b8er7ok5r1mlqmj9oa5yo4                                  : loaded 2 times (x 175B)
Class org.gradle.tooling.model.BuildIdentifier                                        : loaded 2 times (x 66B)
Class org.jetbrains.kotlin.idea.gradleTooling.PrepareKotlinIdeImportTaskModel         : loaded 2 times (x 66B)
Class org.gradle.internal.time.Timer                                                  : loaded 2 times (x 66B)
Class kotlin.jvm.internal.markers.KMappedMarker                                       : loaded 2 times (x 66B)
Class org.gradle.internal.installation.CurrentGradleInstallationLocator               : loaded 2 times (x 67B)
Class org.gradle.internal.service.DefaultServiceLocator                               : loaded 2 times (x 79B)
Class org.gradle.util.GradleVersion                                                   : loaded 2 times (x 79B)
Class org.gradle.internal.installation.CurrentGradleInstallation                      : loaded 2 times (x 69B)
Class org.gradle.util.internal.GUtil                                                  : loaded 2 times (x 67B)
Class org.gradle.internal.installation.GradleInstallation                             : loaded 2 times (x 71B)

---------------  S Y S T E M  ---------------

OS:
 Windows 10 , 64 bit Build 19041 (10.0.19041.928)
OS uptime: 0 days 0:30 hours

CPU: total 8 (initial active 8) (4 cores per cpu, 2 threads per core) family 6 model 142 stepping 10 microcode 0xf0, cx8, cmov, fxsr, ht, mmx, 3dnowpref, sse, sse2, sse3, ssse3, sse4.1, sse4.2, popcnt, lzcnt, tsc, tscinvbit, avx, avx2, aes, erms, clmul, bmi1, bmi2, adx, fma, vzeroupper, clflush, clflushopt, rdtscp, f16c
Processor Information for all 8 processors :
  Max Mhz: 1800, Current Mhz: 1600, Mhz Limit: 1584

Memory: 4k page, system-wide physical 7603M (522M free)
TotalPageFile size 7603M (AvailPageFile size 29M)
current process WorkingSet (physical memory assigned to process): 323M, peak: 323M
current process commit charge ("private bytes"): 361M, peak: 388M

vm_info: OpenJDK 64-Bit Server VM (21.0.4+-12508038-b607.1) for windows-amd64 JRE (21.0.4+-12508038-b607.1), built on 2024-10-16T17:23:34Z by "builder" with MS VC++ 16.10 / 16.11 (VS2019)

END.
